	linux-vdso.so.1 =>  (0x0000007f9c769000)
	libpthread.so.0 => /lib/aarch64-linux-gnu/libpthread.so.0 (0x0000007f9c729000)
	libv4l2.so.0 => /usr/lib/aarch64-linux-gnu/libv4l2.so.0 (0x0000007f9c70b000)
	libEGL.so.1 => /usr/lib/aarch64-linux-gnu/tegra-egl/libEGL.so.1 (0x0000007f9c6f5000)
	libGLESv2.so.2 => /usr/lib/aarch64-linux-gnu/tegra-egl/libGLESv2.so.2 (0x0000007f9c6be000)
	libX11.so.6 => /usr/lib/aarch64-linux-gnu/libX11.so.6 (0x0000007f9c596000)
	libnvbuf_utils.so.1.0.0 => /usr/lib/aarch64-linux-gnu/tegra/libnvbuf_utils.so.1.0.0 (0x0000007f9c57e000)
	libnvjpeg.so => /usr/lib/aarch64-linux-gnu/tegra/libnvjpeg.so (0x0000007f9c526000)
	libdrm.so.2 => /usr/lib/aarch64-linux-gnu/libdrm.so.2 (0x0000007f9c508000)
	libcuda.so.1 => /usr/lib/aarch64-linux-gnu/tegra/libcuda.so.1 (0x0000007f9bb4b000)
	libcudart.so.9.0 => /usr/local/cuda-9.0/targets/aarch64-linux/lib/libcudart.so.9.0 (0x0000007f9bae5000)
	libstdc++.so.6 => /usr/lib/aarch64-linux-gnu/libstdc++.so.6 (0x0000007f9b956000)
	libgcc_s.so.1 => /lib/aarch64-linux-gnu/libgcc_s.so.1 (0x0000007f9b935000)
	libc.so.6 => /lib/aarch64-linux-gnu/libc.so.6 (0x0000007f9b7ed000)
	/lib/ld-linux-aarch64.so.1 (0x0000005575044000)
	libdl.so.2 => /lib/aarch64-linux-gnu/libdl.so.2 (0x0000007f9b7da000)
	libv4lconvert.so.0 => /usr/lib/aarch64-linux-gnu/libv4lconvert.so.0 (0x0000007f9b755000)
	libGLdispatch.so.0 => /usr/lib/aarch64-linux-gnu/tegra/libGLdispatch.so.0 (0x0000007f9b628000)
	libxcb.so.1 => /usr/lib/aarch64-linux-gnu/libxcb.so.1 (0x0000007f9b5fd000)
	libnvrm.so => /usr/lib/aarch64-linux-gnu/tegra/libnvrm.so (0x0000007f9b5c5000)
	libnvrm_graphics.so => /usr/lib/aarch64-linux-gnu/tegra/libnvrm_graphics.so (0x0000007f9b5b3000)
	libnvddk_vic.so => /usr/lib/aarch64-linux-gnu/tegra/libnvddk_vic.so (0x0000007f9b595000)
	libnvddk_2d_v2.so => /usr/lib/aarch64-linux-gnu/tegra/libnvddk_2d_v2.so (0x0000007f9b573000)
	libnvll.so => /usr/lib/aarch64-linux-gnu/tegra/libnvll.so (0x0000007f9b557000)
	libm.so.6 => /lib/aarch64-linux-gnu/libm.so.6 (0x0000007f9b4aa000)
	librt.so.1 => /lib/aarch64-linux-gnu/librt.so.1 (0x0000007f9b493000)
	libnvrm_gpu.so => /usr/lib/aarch64-linux-gnu/tegra/libnvrm_gpu.so (0x0000007f9b45d000)
	libnvidia-fatbinaryloader.so.28.2.1 => /usr/lib/aarch64-linux-gnu/tegra/libnvidia-fatbinaryloader.so.28.2.1 (0x0000007f9b3f8000)
	libjpeg.so.8 => /usr/lib/aarch64-linux-gnu/libjpeg.so.8 (0x0000007f9b3b1000)
	libXau.so.6 => /usr/lib/aarch64-linux-gnu/libXau.so.6 (0x0000007f9b39e000)
	libXdmcp.so.6 => /usr/lib/aarch64-linux-gnu/libXdmcp.so.6 (0x0000007f9b389000)
	libnvos.so => /usr/lib/aarch64-linux-gnu/tegra/libnvos.so (0x0000007f9b36b000)
	libnvdc.so => /usr/lib/aarch64-linux-gnu/tegra/libnvdc.so (0x0000007f9b350000)
	libnvimp.so => /usr/lib/aarch64-linux-gnu/tegra/libnvimp.so (0x0000007f9b33b000)
