# R28 (release), REVISION: 2.1, GCID: 11272647, BOARD: t186ref, EABI: aarch64, DATE: Thu May 17 07:29:06 UTC 2018
906df7fc550179fbce83765d1d1efc0de22f87ca */usr/lib/aarch64-linux-gnu/tegra/libnvosd.so
4847ac78e8361d4a4056381e38398a0495268879 */usr/lib/aarch64-linux-gnu/tegra/libnvmmlite_image.so
1d46c7cb8d58753e87e28d4579d397e5d1b90e36 */usr/lib/aarch64-linux-gnu/tegra/libnvomx.so
cff74941214470fe164422c6e4e1dbae1f059937 */usr/lib/aarch64-linux-gnu/tegra/libnvmedia.so
a54283f9ed83ef15d6bd433d97e6a53e73176219 */usr/lib/aarch64-linux-gnu/tegra/libnvmmlite_utils.so
84f03b22dea42441931ee7841d662827b2324dfc */usr/lib/aarch64-linux-gnu/tegra/libglx.so
96f3fe446615dd15e2e3adaec97429feba8cd6ad */usr/lib/aarch64-linux-gnu/tegra/libscf.so
3c48f3b81b1b7b333df5b261dc920736194e1f95 */usr/lib/aarch64-linux-gnu/tegra/libnvexif.so
a194c123d27e1b9c85f0c090c2d51d9858e503e2 */usr/lib/aarch64-linux-gnu/tegra/libnvrm_gpu.so
1653e5d266b7b030dc882d226b03f0c0157b4f3a */usr/lib/aarch64-linux-gnu/tegra/libnvtx_helper.so
6527f60733dcca5e3e0d65b454487b568e0bfdd5 */usr/lib/aarch64-linux-gnu/tegra/libnvfnetstorehdfx.so
99585b256e0fc1660821344bb4a496dcb68cd709 */usr/lib/aarch64-linux-gnu/tegra/libnvmm_parser.so
4f11b4b055d3f48698071d739a99978bbbcb7f02 */usr/lib/aarch64-linux-gnu/tegra/libnvrm.so
e8a0341d4b85e6bdedb72a9cc2203fe573c2dd2a */usr/lib/aarch64-linux-gnu/tegra/libnvmm_contentpipe.so
340c90216c7662a2ae6df0d9f5db961c9c7b3752 */usr/lib/aarch64-linux-gnu/tegra/libnvos.so
ae214a66a4fe6ef66c15ea40a0a03dadb8055f72 */usr/lib/aarch64-linux-gnu/tegra/libnvtnr.so
cde93d596b8976787dc3f5f5bff1a3ec49dc8a13 */usr/lib/aarch64-linux-gnu/tegra/libnvimp.so
ba26a771c2fb02419c01e400e15c20b86db04c77 */usr/lib/aarch64-linux-gnu/tegra/libnvfnet.so
3cfcf8707c18f4b2356be243ff7114a384803234 */usr/lib/aarch64-linux-gnu/tegra/libnvavp.so
e173e4825a0175b22766fb510fa4ec48c73e35f3 */usr/lib/aarch64-linux-gnu/tegra/libnvmmlite_video.so
69a46463f59e0e05b99bca9b8506bc9b7b90e198 */usr/lib/aarch64-linux-gnu/tegra/libnvfnetstoredefog.so
5e05412f398ae40e167e618965f2f3151be71ac3 */usr/lib/aarch64-linux-gnu/tegra/libnvodm_imager.so
89c35677298da37cb9d4285c795646f28febe05f */usr/lib/aarch64-linux-gnu/tegra/libnvjpeg.so
b5365dc951e955976310c01985b75210b62804e8 */usr/lib/aarch64-linux-gnu/tegra/libnvtvmr.so
cb725c103def5f9c8f0e25205b3b39eab4642721 */usr/lib/aarch64-linux-gnu/tegra/libnvidia-egl-wayland.so
8334d9dc532a016b11624b026df6ea320d9180a3 */usr/lib/aarch64-linux-gnu/tegra/libnvdc.so
6112d187838cf5cb65aa4a58ad5531a6adbc330b */usr/lib/aarch64-linux-gnu/tegra/libtegrav4l2.so
1a599b8a1f7e5abbbc8b3e51d3f48bcc5124f51a */usr/lib/aarch64-linux-gnu/tegra/libnvmm.so
d5c04359d52a3d594fa091a18653426262a7197a */usr/lib/aarch64-linux-gnu/tegra/libnvapputil.so
ddc4f2a90d4c0a031da8c46e5c75323642220799 */usr/lib/aarch64-linux-gnu/tegra/libnvcameratools.so
78341f6d30c9c8e700d85d5e0615c4681ef25b86 */usr/lib/aarch64-linux-gnu/tegra/libnvcam_imageencoder.so
8f47a0da6cc1e75b4ebd2ae33f83503249b6d5ee */usr/lib/aarch64-linux-gnu/tegra/libnveglstream_camconsumer.so
a2f1e1439435d128b5f3596d6c3ab2333590f05a */usr/lib/aarch64-linux-gnu/tegra/libnvmm_utils.so
7220a361260117a39d3e0de93a7fa7102c5973b3 */usr/lib/aarch64-linux-gnu/tegra/libnvomxilclient.so
b6c677c3ba7be305f80bfc713195df1da2baf204 */usr/lib/aarch64-linux-gnu/tegra/libargus.so
d0cda03c9c8d38a6713f0d37a6608d8d65ec1466 */usr/lib/aarch64-linux-gnu/tegra/libnvwinsys.so
b205a2519abd648ce534b9f6586383f0b918e814 */usr/lib/aarch64-linux-gnu/tegra/libargus_socketclient.so
46e3f9ba88faa7ed6fffcf06fbcd1f50be9b35a3 */usr/lib/aarch64-linux-gnu/tegra/libnveglstreamproducer.so
1f1969af639eb8ac2f09e4fbeb7e76667cb59fd1 */usr/lib/aarch64-linux-gnu/tegra/libnvll.so
de247b961707f7a61d83ab712b7da347fae6ca6e */usr/lib/aarch64-linux-gnu/tegra/libargus_socketserver.so
331481e2895586a29de020f40a1a288e2fc8d58b */usr/lib/aarch64-linux-gnu/tegra/libnvrm_graphics.so
532626aba510a1b8d586c04b23011ad7f48ff351 */usr/lib/aarch64-linux-gnu/tegra/libnvcolorutil.so
719a0debac1f25848100512d375b6c2618c270d9 */usr/lib/aarch64-linux-gnu/tegra/libnvddk_2d_v2.so
429e26afbfaf88b8ace2e0fa35207a2499cec9e1 */usr/lib/aarch64-linux-gnu/tegra/libnvtestresults.so
df18e4c9c92699e292d1f497426df61ccacad58c */usr/lib/aarch64-linux-gnu/tegra/libnvcamerautils.so
b75fb02b45008e421bf1076058f056119042b9e4 */usr/lib/aarch64-linux-gnu/tegra/libnvcamlog.so
e81dc8da523b3ec832e5cfa61b44128805c25035 */usr/lib/aarch64-linux-gnu/tegra/libnvparser.so
de2f8e70a65061d1d3ab6535bb498fbc239a0b40 */usr/lib/aarch64-linux-gnu/tegra/libnvddk_vic.so
b6dd8194edb967d2e77c38c865fd63b4affad27f */usr/lib/aarch64-linux-gnu/tegra/libnvmmlite.so
f7d960d08cca90fb7a24458d41fdcc43ce298cf2 */usr/lib/aarch64-linux-gnu/libv4l/plugins/libv4l2_nvvidconv.so
7f8fb47183cbd3d4cacc5eb50fc7869aacdefe40 */usr/lib/aarch64-linux-gnu/libv4l/plugins/libv4l2_nvvideocodec.so
3d42334078be4b5b774e5b4d880ccb3b840fe3af */usr/lib/xorg/modules/drivers/nvidia_drv.so
84f03b22dea42441931ee7841d662827b2324dfc */usr/lib/xorg/modules/extensions/libglx.so
