==24586== Memcheck, a memory error detector
==24586== Copyright (C) 2002-2015, and GNU GPL'd, by Julian Seward et al.
==24586== Using Valgrind-3.11.0 and LibVEX; rerun with -h for copyright info
==24586== Command: ./camera_v4l2_mjpg -d /dev/video0 -s 3840x2160 -m 3 -l -v
==24586== Parent PID: 24585
==24586== 
--24586-- 
--24586-- Valgrind options:
--24586--    -v
--24586--    --log-file=valgrind_memcheck2.log
--24586--    --tool=memcheck
--24586--    --leak-check=yes
--24586--    --gen-suppressions=yes
--24586--    --show-reachable=yes
--24586--    --num-callers=20
--24586--    --track-fds=yes
--24586--    --track-origins=yes
--24586-- Contents of /proc/version:
--24586--   Linux version 4.4.38-tegra (auvidea@auvidea-T5600) (gcc version 5.3.1 20160113 (Linaro GCC 5.3-2016.02) ) #1 SMP PREEMPT Mon Apr 30 16:06:06 CEST 2018
--24586-- 
--24586-- Arch and hwcaps: ARM64, LittleEndian, baseline
--24586-- Page sizes: currently 4096, max supported 65536
--24586-- Valgrind library directory: /usr/lib/valgrind
--24586-- Reading syms from /tmp/workspace_projects/librairy/NvInterfaceMultiMediaAPI/download/tegra_multimedia_api/samples/15_camera_v4l2_mjpg/camera_v4l2_mjpg
--24586-- Reading syms from /lib/aarch64-linux-gnu/ld-2.23.so
--24586--   Considering /lib/aarch64-linux-gnu/ld-2.23.so ..
--24586--   .. CRC mismatch (computed e457a33c wanted 4d115cf6)
--24586--   Considering /usr/lib/debug/lib/aarch64-linux-gnu/ld-2.23.so ..
--24586--   .. CRC is valid
--24586-- Reading syms from /usr/lib/valgrind/memcheck-arm64-linux
--24586--   Considering /usr/lib/valgrind/memcheck-arm64-linux ..
--24586--   .. CRC mismatch (computed 8f09826f wanted 6178e9e2)
--24586--   Considering /usr/lib/debug/usr/lib/valgrind/memcheck-arm64-linux ..
--24586--   .. CRC is valid
--24586--    object doesn't have a dynamic symbol table
--24586-- Scheduler: using generic scheduler lock implementation.
--24586-- Reading suppressions file: /usr/lib/valgrind/default.supp
==24586== embedded gdbserver: reading from /tmp/vgdb-pipe-from-vgdb-to-24586-by-nvidia-on-???
==24586== embedded gdbserver: writing to   /tmp/vgdb-pipe-to-vgdb-from-24586-by-nvidia-on-???
==24586== embedded gdbserver: shared mem   /tmp/vgdb-pipe-shared-mem-vgdb-24586-by-nvidia-on-???
==24586== 
==24586== TO CONTROL THIS PROCESS USING vgdb (which you probably
==24586== don't want to do, unless you know exactly what you're doing,
==24586== or are doing some strange experiment):
==24586==   /usr/lib/valgrind/../../bin/vgdb --pid=24586 ...command...
==24586== 
==24586== TO DEBUG THIS PROCESS USING GDB: start GDB like this
==24586==   /path/to/gdb ./camera_v4l2_mjpg
==24586== and then give GDB the following command
==24586==   target remote | /usr/lib/valgrind/../../bin/vgdb --pid=24586
==24586== --pid is optional if only one valgrind process is running
==24586== 
--24586-- REDIR: 0x4016dc0 (ld-linux-aarch64.so.1:strlen) redirected to 0x38055570 (vgPlain_arm64_linux_REDIR_FOR_strlen)
--24586-- REDIR: 0x4016cc0 (ld-linux-aarch64.so.1:strcmp) redirected to 0x380555c4 (vgPlain_arm64_linux_REDIR_FOR_strcmp)
--24586-- REDIR: 0x4016bd0 (ld-linux-aarch64.so.1:index) redirected to 0x38055598 (vgPlain_arm64_linux_REDIR_FOR_index)
--24586-- Reading syms from /usr/lib/valgrind/vgpreload_core-arm64-linux.so
--24586--   Considering /usr/lib/valgrind/vgpreload_core-arm64-linux.so ..
--24586--   .. CRC mismatch (computed 5ef38139 wanted e355e9f6)
--24586--   Considering /usr/lib/debug/usr/lib/valgrind/vgpreload_core-arm64-linux.so ..
--24586--   .. CRC is valid
--24586-- Reading syms from /usr/lib/valgrind/vgpreload_memcheck-arm64-linux.so
--24586--   Considering /usr/lib/valgrind/vgpreload_memcheck-arm64-linux.so ..
--24586--   .. CRC mismatch (computed c1066ef3 wanted 4e5d95d5)
--24586--   Considering /usr/lib/debug/usr/lib/valgrind/vgpreload_memcheck-arm64-linux.so ..
--24586--   .. CRC is valid
--24586-- Reading syms from /lib/aarch64-linux-gnu/libpthread-2.23.so
--24586--   Considering /usr/lib/debug/.build-id/c1/85d8d132dc6e628f522019514604a9ff12ac9b.debug ..
--24586--   .. build-id is valid
--24586-- Reading syms from /usr/lib/aarch64-linux-gnu/libv4l2.so.0.0.0
--24586--    object doesn't have a symbol table
--24586-- Reading syms from /usr/lib/aarch64-linux-gnu/tegra-egl/libEGL.so.1
--24586--    object doesn't have a symbol table
--24586-- Reading syms from /usr/lib/aarch64-linux-gnu/tegra-egl/libGLESv2.so.2
--24586--    object doesn't have a symbol table
--24586-- Reading syms from /usr/lib/aarch64-linux-gnu/libX11.so.6.3.0
--24586--   Considering /usr/lib/aarch64-linux-gnu/libX11.so.6.3.0 ..
--24586--   .. CRC mismatch (computed 4d539352 wanted 5557366c)
--24586--    object doesn't have a symbol table
--24586-- Reading syms from /usr/lib/aarch64-linux-gnu/tegra/libnvbuf_utils.so.1.0.0
--24586--    object doesn't have a symbol table
--24586-- Reading syms from /usr/lib/aarch64-linux-gnu/tegra/libnvjpeg.so
--24586--    object doesn't have a symbol table
--24586-- Reading syms from /usr/lib/aarch64-linux-gnu/tegra/libdrm.so.2
--24586--    object doesn't have a symbol table
--24586-- Reading syms from /usr/lib/aarch64-linux-gnu/tegra/libcuda.so.1.1
--24586--    object doesn't have a symbol table
--24586-- Reading syms from /usr/local/cuda-9.0/targets/aarch64-linux/lib/libcudart.so.9.0.252
--24586--    object doesn't have a symbol table
--24586-- Reading syms from /usr/lib/aarch64-linux-gnu/libstdc++.so.6.0.21
--24586--   Considering /usr/lib/aarch64-linux-gnu/libstdc++.so.6.0.21 ..
--24586--   .. CRC mismatch (computed ad8bcb6e wanted ff17bbac)
--24586--    object doesn't have a symbol table
--24586-- Reading syms from /lib/aarch64-linux-gnu/libgcc_s.so.1
--24586--   Considering /lib/aarch64-linux-gnu/libgcc_s.so.1 ..
--24586--   .. CRC mismatch (computed 94ac48c9 wanted 45f27162)
--24586--    object doesn't have a symbol table
--24586-- Reading syms from /lib/aarch64-linux-gnu/libc-2.23.so
--24586--   Considering /lib/aarch64-linux-gnu/libc-2.23.so ..
--24586--   .. CRC mismatch (computed 007f2151 wanted 246e899f)
--24586--   Considering /usr/lib/debug/lib/aarch64-linux-gnu/libc-2.23.so ..
--24586--   .. CRC is valid
--24586-- Reading syms from /lib/aarch64-linux-gnu/libdl-2.23.so
--24586--   Considering /lib/aarch64-linux-gnu/libdl-2.23.so ..
--24586--   .. CRC mismatch (computed 6ac26d76 wanted 9f5998ff)
--24586--   Considering /usr/lib/debug/lib/aarch64-linux-gnu/libdl-2.23.so ..
--24586--   .. CRC is valid
--24586-- Reading syms from /usr/lib/aarch64-linux-gnu/libv4lconvert.so.0.0.0
--24586--    object doesn't have a symbol table
--24586-- Reading syms from /usr/lib/aarch64-linux-gnu/tegra/libGLdispatch.so.0
--24586--    object doesn't have a symbol table
--24586-- Reading syms from /usr/lib/aarch64-linux-gnu/libxcb.so.1.1.0
--24586--    object doesn't have a symbol table
--24586-- Reading syms from /usr/lib/aarch64-linux-gnu/tegra/libnvrm.so
--24586--    object doesn't have a symbol table
--24586-- Reading syms from /usr/lib/aarch64-linux-gnu/tegra/libnvrm_graphics.so
--24586--    object doesn't have a symbol table
--24586-- Reading syms from /usr/lib/aarch64-linux-gnu/tegra/libnvddk_vic.so
--24586--    object doesn't have a symbol table
--24586-- Reading syms from /usr/lib/aarch64-linux-gnu/tegra/libnvddk_2d_v2.so
--24586--    object doesn't have a symbol table
--24586-- Reading syms from /usr/lib/aarch64-linux-gnu/tegra/libnvll.so
--24586--    object doesn't have a symbol table
--24586-- Reading syms from /lib/aarch64-linux-gnu/libm-2.23.so
--24586--   Considering /lib/aarch64-linux-gnu/libm-2.23.so ..
--24586--   .. CRC mismatch (computed 230ffe37 wanted 19f9eda7)
--24586--   Considering /usr/lib/debug/lib/aarch64-linux-gnu/libm-2.23.so ..
--24586--   .. CRC is valid
--24586-- Reading syms from /lib/aarch64-linux-gnu/librt-2.23.so
--24586--   Considering /lib/aarch64-linux-gnu/librt-2.23.so ..
--24586--   .. CRC mismatch (computed 689e6326 wanted dc0b39a6)
--24586--   Considering /usr/lib/debug/lib/aarch64-linux-gnu/librt-2.23.so ..
--24586--   .. CRC is valid
--24586-- Reading syms from /usr/lib/aarch64-linux-gnu/tegra/libnvrm_gpu.so
--24586--    object doesn't have a symbol table
--24586-- Reading syms from /usr/lib/aarch64-linux-gnu/tegra/libnvidia-fatbinaryloader.so.28.2.1
--24586--    object doesn't have a symbol table
--24586-- Reading syms from /usr/lib/aarch64-linux-gnu/libjpeg.so.8.0.2
--24586--    object doesn't have a symbol table
--24586-- Reading syms from /usr/lib/aarch64-linux-gnu/libXau.so.6.0.0
--24586--   Considering /usr/lib/aarch64-linux-gnu/libXau.so.6.0.0 ..
--24586--   .. CRC mismatch (computed 28a715ee wanted 85338fa3)
--24586--    object doesn't have a symbol table
--24586-- Reading syms from /usr/lib/aarch64-linux-gnu/libXdmcp.so.6.0.0
--24586--    object doesn't have a symbol table
--24586-- Reading syms from /usr/lib/aarch64-linux-gnu/tegra/libnvos.so
--24586--    object doesn't have a symbol table
--24586-- Reading syms from /usr/lib/aarch64-linux-gnu/tegra/libnvdc.so
--24586--    object doesn't have a symbol table
--24586-- Reading syms from /usr/lib/aarch64-linux-gnu/tegra/libnvimp.so
--24586--    object doesn't have a symbol table
--24586-- REDIR: 0x5706a40 (libc.so.6:memcpy) redirected to 0x4849980 (memcpy)
--24586-- REDIR: 0x5704ed0 (libc.so.6:rindex) redirected to 0x4847a08 (rindex)
--24586-- WARNING: unhandled arm64-linux syscall: 125
==24586==    at 0x573F9D8: sched_get_priority_max (syscall-template.S:84)
==24586==    by 0x5B8AFC7: ??? (in /usr/lib/aarch64-linux-gnu/tegra/libnvidia-fatbinaryloader.so.28.2.1)
==24586==    by 0x5B65F4F: ??? (in /usr/lib/aarch64-linux-gnu/tegra/libnvidia-fatbinaryloader.so.28.2.1)
==24586==    by 0x400DB5F: call_init.part.0 (dl-init.c:72)
==24586==    by 0x400DCA7: call_init (dl-init.c:30)
==24586==    by 0x400DCA7: _dl_init (dl-init.c:120)
==24586==    by 0x4000D43: ??? (in /lib/aarch64-linux-gnu/ld-2.23.so)
--24586-- You may be able to write your own handler.
--24586-- Read the file README_MISSING_SYSCALL_OR_IOCTL.
--24586-- Nevertheless we consider this a bug.  Please report
--24586-- it at http://valgrind.org/support/bug_reports.html.
--24586-- WARNING: unhandled arm64-linux syscall: 126
==24586==    at 0x573F9F8: sched_get_priority_min (syscall-template.S:84)
==24586==    by 0x5B8AFD3: ??? (in /usr/lib/aarch64-linux-gnu/tegra/libnvidia-fatbinaryloader.so.28.2.1)
==24586==    by 0x5B65F4F: ??? (in /usr/lib/aarch64-linux-gnu/tegra/libnvidia-fatbinaryloader.so.28.2.1)
==24586==    by 0x400DB5F: call_init.part.0 (dl-init.c:72)
==24586==    by 0x400DCA7: call_init (dl-init.c:30)
==24586==    by 0x400DCA7: _dl_init (dl-init.c:120)
==24586==    by 0x4000D43: ??? (in /lib/aarch64-linux-gnu/ld-2.23.so)
--24586-- You may be able to write your own handler.
--24586-- Read the file README_MISSING_SYSCALL_OR_IOCTL.
--24586-- Nevertheless we consider this a bug.  Please report
--24586-- it at http://valgrind.org/support/bug_reports.html.
--24586-- REDIR: 0x5704a80 (libc.so.6:strlen) redirected to 0x4848058 (strlen)
--24586-- REDIR: 0x5700d40 (libc.so.6:calloc) redirected to 0x4846c50 (calloc)
--24586-- REDIR: 0x57003b0 (libc.so.6:malloc) redirected to 0x4844b10 (malloc)
--24586-- REDIR: 0x57042a0 (libc.so.6:index) redirected to 0x4847bb8 (index)
--24586-- REDIR: 0x5708580 (libc.so.6:strchrnul) redirected to 0x484be38 (strchrnul)
--24586-- Reading syms from /usr/lib/aarch64-linux-gnu/tegra-egl/libEGL_nvidia.so.0
--24586--    object doesn't have a symbol table
--24586-- Reading syms from /usr/lib/aarch64-linux-gnu/tegra/libnvidia-glsi.so.28.2.1
--24586--    object doesn't have a symbol table
--24586-- Reading syms from /usr/lib/aarch64-linux-gnu/tegra/libnvidia-rmapi-tegra.so.28.2.1
--24586--    object doesn't have a symbol table
--24586-- REDIR: 0x5700988 (libc.so.6:free) redirected to 0x4845de0 (free)
--24586-- REDIR: 0x5705300 (libc.so.6:strspn) redirected to 0x484c790 (strspn)
--24586-- REDIR: 0x5704fd8 (libc.so.6:strpbrk) redirected to 0x484c6d0 (strpbrk)
--24586-- REDIR: 0x5708450 (libc.so.6:rawmemchr) redirected to 0x484be60 (rawmemchr)
--24586-- REDIR: 0x5705de8 (libc.so.6:memchr) redirected to 0x4849378 (memchr)
--24586-- REDIR: 0x5700a40 (libc.so.6:realloc) redirected to 0x4846e90 (realloc)
--24586-- REDIR: 0x5705860 (libc.so.6:strstr) redirected to 0x484c580 (strstr)
--24586-- REDIR: 0x5704d5c (libc.so.6:strncmp) redirected to 0x48487f0 (strncmp)
--24586-- Reading syms from /usr/lib/aarch64-linux-gnu/tegra/libnvidia-egl-wayland.so
--24586--    object doesn't have a symbol table
--24586-- Reading syms from /usr/lib/aarch64-linux-gnu/libwayland-client.so.0.3.0
--24586--    object doesn't have a symbol table
--24586-- Reading syms from /usr/lib/aarch64-linux-gnu/libwayland-server.so.0.1.0
--24586--    object doesn't have a symbol table
--24586-- Reading syms from /usr/lib/aarch64-linux-gnu/libffi.so.6.0.4
--24586--    object doesn't have a symbol table
--24586-- REDIR: 0x5706340 (libc.so.6:memset) redirected to 0x484b610 (memset)
--24586-- REDIR: 0x5704380 (libc.so.6:strcmp) redirected to 0x48491c8 (strcmp)
--24586-- REDIR: 0x556ccc0 (libstdc++.so.6:operator new(unsigned long)) redirected to 0x4845090 (operator new(unsigned long))
--24586-- Reading syms from /usr/lib/aarch64-linux-gnu/tegra/libnvtvmr.so
--24586--    object doesn't have a symbol table
--24586-- REDIR: 0x5705f00 (libc.so.6:bcmp) redirected to 0x484ae20 (bcmp)
--24586-- REDIR: 0x57617a0 (libc.so.6:__strcpy_chk) redirected to 0x484bea0 (__strcpy_chk)
--24586-- REDIR: 0x5706000 (libc.so.6:memmove) redirected to 0x484b6a8 (memmove)
--24586-- REDIR: 0x5704e68 (libc.so.6:strncpy) redirected to 0x4848330 (strncpy)
--24586-- REDIR: 0x556ac40 (libstdc++.so.6:operator delete(void*)) redirected to 0x48462b0 (operator delete(void*))
--24586-- WARNING: unhandled arm64-linux syscall: 232
==24586==    at 0x5750DD8: mincore (syscall-template.S:84)
==24586==    by 0x62957A3: ??? (in /usr/lib/aarch64-linux-gnu/tegra/libnvidia-egl-wayland.so)
==24586==    by 0x629264B: ??? (in /usr/lib/aarch64-linux-gnu/tegra/libnvidia-egl-wayland.so)
==24586==    by 0x61351BB: ??? (in /usr/lib/aarch64-linux-gnu/tegra-egl/libEGL_nvidia.so.0)
==24586==    by 0x60B446B: ??? (in /usr/lib/aarch64-linux-gnu/tegra-egl/libEGL_nvidia.so.0)
==24586==    by 0x60B9F4B: ??? (in /usr/lib/aarch64-linux-gnu/tegra-egl/libEGL_nvidia.so.0)
==24586==    by 0x48BD37B: eglGetDisplay (in /usr/lib/aarch64-linux-gnu/tegra-egl/libEGL.so.1)
==24586==    by 0x41DF5B: NvEglRenderer::renderThread(void*) (in /tmp/workspace_projects/librairy/NvInterfaceMultiMediaAPI/download/tegra_multimedia_api/samples/15_camera_v4l2_mjpg/camera_v4l2_mjpg)
==24586==    by 0x4877FC3: start_thread (pthread_create.c:335)
==24586==    by 0x57542DF: thread_start (clone.S:89)
--24586-- You may be able to write your own handler.
--24586-- Read the file README_MISSING_SYSCALL_OR_IOCTL.
--24586-- Nevertheless we consider this a bug.  Please report
--24586-- it at http://valgrind.org/support/bug_reports.html.
--24586-- Reading syms from /usr/lib/aarch64-linux-gnu/libXext.so.6.4.0
--24586--   Considering /usr/lib/aarch64-linux-gnu/libXext.so.6.4.0 ..
--24586--   .. CRC mismatch (computed 359c0bf0 wanted 3afe2d4c)
--24586--    object doesn't have a symbol table
==24586== Warning: noted but unhandled ioctl 0x4e04 with no size/direction hints.
==24586==    This could cause spurious value errors to appear.
==24586==    See README_MISSING_SYSCALL_OR_IOCTL for guidance on writing a proper wrapper.
--24586-- Reading syms from /usr/lib/aarch64-linux-gnu/tegra-egl/libGLESv2_nvidia.so.2
--24586--    object doesn't have a symbol table
--24586-- Reading syms from /usr/lib/aarch64-linux-gnu/tegra/libnvidia-eglcore.so.28.2.1
--24586--    object doesn't have a symbol table
--24586-- REDIR: 0x5704260 (libc.so.6:strcat) redirected to 0x4847ca8 (strcat)
--24586-- REDIR: 0x5704ca8 (libc.so.6:strncat) redirected to 0x4847e98 (strncat)
--24586-- REDIR: 0x5704440 (libc.so.6:strcpy) redirected to 0x4848170 (strcpy)
--24586-- REDIR: 0x5706600 (libc.so.6:stpcpy) redirected to 0x484afa0 (stpcpy)
==24586== Warning: invalid file descriptor 1094 in syscall close()
==24586==    at 0x4881A34: close (syscall-template.S:86)
==24586==    by 0x620E003: ??? (in /usr/lib/aarch64-linux-gnu/tegra/libnvidia-glsi.so.28.2.1)
==24586==    by 0x620E8FF: ??? (in /usr/lib/aarch64-linux-gnu/tegra/libnvidia-glsi.so.28.2.1)
==24586==    by 0x62134D3: ??? (in /usr/lib/aarch64-linux-gnu/tegra/libnvidia-glsi.so.28.2.1)
==24586==    by 0x6125D9F: ??? (in /usr/lib/aarch64-linux-gnu/tegra-egl/libEGL_nvidia.so.0)
==24586==    by 0x61260F7: ??? (in /usr/lib/aarch64-linux-gnu/tegra-egl/libEGL_nvidia.so.0)
==24586==    by 0x60B6493: ??? (in /usr/lib/aarch64-linux-gnu/tegra-egl/libEGL_nvidia.so.0)
==24586==    by 0x60BB167: ??? (in /usr/lib/aarch64-linux-gnu/tegra-egl/libEGL_nvidia.so.0)
==24586==    by 0x4A33223: NvEGLImageFromFd (in /usr/lib/aarch64-linux-gnu/tegra/libnvbuf_utils.so.1.0.0)
==24586==    by 0x41FA1B: NvEglRenderer::renderInternal() (in /tmp/workspace_projects/librairy/NvInterfaceMultiMediaAPI/download/tegra_multimedia_api/samples/15_camera_v4l2_mjpg/camera_v4l2_mjpg)
==24586==    by 0x41EDBF: NvEglRenderer::renderThread(void*) (in /tmp/workspace_projects/librairy/NvInterfaceMultiMediaAPI/download/tegra_multimedia_api/samples/15_camera_v4l2_mjpg/camera_v4l2_mjpg)
==24586==    by 0x4877FC3: start_thread (pthread_create.c:335)
==24586==    by 0x57542DF: thread_start (clone.S:89)
--24586-- WARNING: Serious error when reading debug info
--24586-- When reading debug info from /tmp/.gl8eGUm9 (deleted):
--24586-- failed to stat64/stat this file
--24586-- WARNING: Serious error when reading debug info
--24586-- When reading debug info from /tmp/.gl8eGUm9 (deleted):
--24586-- failed to stat64/stat this file
==24586== Warning: invalid file descriptor 1058 in syscall close()
==24586==    at 0x4881A34: close (syscall-template.S:86)
==24586==    by 0x620E003: ??? (in /usr/lib/aarch64-linux-gnu/tegra/libnvidia-glsi.so.28.2.1)
==24586==    by 0x620E8FF: ??? (in /usr/lib/aarch64-linux-gnu/tegra/libnvidia-glsi.so.28.2.1)
==24586==    by 0x62134D3: ??? (in /usr/lib/aarch64-linux-gnu/tegra/libnvidia-glsi.so.28.2.1)
==24586==    by 0x6125D9F: ??? (in /usr/lib/aarch64-linux-gnu/tegra-egl/libEGL_nvidia.so.0)
==24586==    by 0x61260F7: ??? (in /usr/lib/aarch64-linux-gnu/tegra-egl/libEGL_nvidia.so.0)
==24586==    by 0x60B6493: ??? (in /usr/lib/aarch64-linux-gnu/tegra-egl/libEGL_nvidia.so.0)
==24586==    by 0x60BB167: ??? (in /usr/lib/aarch64-linux-gnu/tegra-egl/libEGL_nvidia.so.0)
==24586==    by 0x4A33223: NvEGLImageFromFd (in /usr/lib/aarch64-linux-gnu/tegra/libnvbuf_utils.so.1.0.0)
==24586==    by 0x41FA1B: NvEglRenderer::renderInternal() (in /tmp/workspace_projects/librairy/NvInterfaceMultiMediaAPI/download/tegra_multimedia_api/samples/15_camera_v4l2_mjpg/camera_v4l2_mjpg)
==24586==    by 0x41EDBF: NvEglRenderer::renderThread(void*) (in /tmp/workspace_projects/librairy/NvInterfaceMultiMediaAPI/download/tegra_multimedia_api/samples/15_camera_v4l2_mjpg/camera_v4l2_mjpg)
==24586==    by 0x4877FC3: start_thread (pthread_create.c:335)
==24586==    by 0x57542DF: thread_start (clone.S:89)
==24586== Warning: invalid file descriptor 1098 in syscall close()
==24586==    at 0x4881A34: close (syscall-template.S:86)
==24586==    by 0x620E003: ??? (in /usr/lib/aarch64-linux-gnu/tegra/libnvidia-glsi.so.28.2.1)
==24586==    by 0x620E8FF: ??? (in /usr/lib/aarch64-linux-gnu/tegra/libnvidia-glsi.so.28.2.1)
==24586==    by 0x62134D3: ??? (in /usr/lib/aarch64-linux-gnu/tegra/libnvidia-glsi.so.28.2.1)
==24586==    by 0x6125D9F: ??? (in /usr/lib/aarch64-linux-gnu/tegra-egl/libEGL_nvidia.so.0)
==24586==    by 0x61260F7: ??? (in /usr/lib/aarch64-linux-gnu/tegra-egl/libEGL_nvidia.so.0)
==24586==    by 0x60B6493: ??? (in /usr/lib/aarch64-linux-gnu/tegra-egl/libEGL_nvidia.so.0)
==24586==    by 0x60BB167: ??? (in /usr/lib/aarch64-linux-gnu/tegra-egl/libEGL_nvidia.so.0)
==24586==    by 0x4A33223: NvEGLImageFromFd (in /usr/lib/aarch64-linux-gnu/tegra/libnvbuf_utils.so.1.0.0)
==24586==    by 0x41FA1B: NvEglRenderer::renderInternal() (in /tmp/workspace_projects/librairy/NvInterfaceMultiMediaAPI/download/tegra_multimedia_api/samples/15_camera_v4l2_mjpg/camera_v4l2_mjpg)
==24586==    by 0x41EDBF: NvEglRenderer::renderThread(void*) (in /tmp/workspace_projects/librairy/NvInterfaceMultiMediaAPI/download/tegra_multimedia_api/samples/15_camera_v4l2_mjpg/camera_v4l2_mjpg)
==24586==    by 0x4877FC3: start_thread (pthread_create.c:335)
==24586==    by 0x57542DF: thread_start (clone.S:89)
==24586== Warning: invalid file descriptor 1100 in syscall close()
==24586==    at 0x4881A34: close (syscall-template.S:86)
==24586==    by 0x620E003: ??? (in /usr/lib/aarch64-linux-gnu/tegra/libnvidia-glsi.so.28.2.1)
==24586==    by 0x620E8FF: ??? (in /usr/lib/aarch64-linux-gnu/tegra/libnvidia-glsi.so.28.2.1)
==24586==    by 0x62134D3: ??? (in /usr/lib/aarch64-linux-gnu/tegra/libnvidia-glsi.so.28.2.1)
==24586==    by 0x6125D9F: ??? (in /usr/lib/aarch64-linux-gnu/tegra-egl/libEGL_nvidia.so.0)
==24586==    by 0x61260F7: ??? (in /usr/lib/aarch64-linux-gnu/tegra-egl/libEGL_nvidia.so.0)
==24586==    by 0x60B6493: ??? (in /usr/lib/aarch64-linux-gnu/tegra-egl/libEGL_nvidia.so.0)
==24586==    by 0x60BB167: ??? (in /usr/lib/aarch64-linux-gnu/tegra-egl/libEGL_nvidia.so.0)
==24586==    by 0x4A33223: NvEGLImageFromFd (in /usr/lib/aarch64-linux-gnu/tegra/libnvbuf_utils.so.1.0.0)
==24586==    by 0x41FA1B: NvEglRenderer::renderInternal() (in /tmp/workspace_projects/librairy/NvInterfaceMultiMediaAPI/download/tegra_multimedia_api/samples/15_camera_v4l2_mjpg/camera_v4l2_mjpg)
==24586==    by 0x41EDBF: NvEglRenderer::renderThread(void*) (in /tmp/workspace_projects/librairy/NvInterfaceMultiMediaAPI/download/tegra_multimedia_api/samples/15_camera_v4l2_mjpg/camera_v4l2_mjpg)
==24586==    by 0x4877FC3: start_thread (pthread_create.c:335)
==24586==    by 0x57542DF: thread_start (clone.S:89)
==24586== Warning: invalid file descriptor 1101 in syscall close()
==24586==    at 0x4881A34: close (syscall-template.S:86)
==24586==    by 0x620E003: ??? (in /usr/lib/aarch64-linux-gnu/tegra/libnvidia-glsi.so.28.2.1)
==24586==    by 0x620E8FF: ??? (in /usr/lib/aarch64-linux-gnu/tegra/libnvidia-glsi.so.28.2.1)
==24586==    by 0x62134D3: ??? (in /usr/lib/aarch64-linux-gnu/tegra/libnvidia-glsi.so.28.2.1)
==24586==    by 0x6125D9F: ??? (in /usr/lib/aarch64-linux-gnu/tegra-egl/libEGL_nvidia.so.0)
==24586==    by 0x61260F7: ??? (in /usr/lib/aarch64-linux-gnu/tegra-egl/libEGL_nvidia.so.0)
==24586==    by 0x60B6493: ??? (in /usr/lib/aarch64-linux-gnu/tegra-egl/libEGL_nvidia.so.0)
==24586==    by 0x60BB167: ??? (in /usr/lib/aarch64-linux-gnu/tegra-egl/libEGL_nvidia.so.0)
==24586==    by 0x4A33223: NvEGLImageFromFd (in /usr/lib/aarch64-linux-gnu/tegra/libnvbuf_utils.so.1.0.0)
==24586==    by 0x41FA1B: NvEglRenderer::renderInternal() (in /tmp/workspace_projects/librairy/NvInterfaceMultiMediaAPI/download/tegra_multimedia_api/samples/15_camera_v4l2_mjpg/camera_v4l2_mjpg)
==24586==    by 0x41EDBF: NvEglRenderer::renderThread(void*) (in /tmp/workspace_projects/librairy/NvInterfaceMultiMediaAPI/download/tegra_multimedia_api/samples/15_camera_v4l2_mjpg/camera_v4l2_mjpg)
==24586==    by 0x4877FC3: start_thread (pthread_create.c:335)
==24586==    by 0x57542DF: thread_start (clone.S:89)
==24586== Warning: invalid file descriptor 1102 in syscall close()
==24586==    at 0x4881A34: close (syscall-template.S:86)
==24586==    by 0x620E003: ??? (in /usr/lib/aarch64-linux-gnu/tegra/libnvidia-glsi.so.28.2.1)
==24586==    by 0x620E8FF: ??? (in /usr/lib/aarch64-linux-gnu/tegra/libnvidia-glsi.so.28.2.1)
==24586==    by 0x62134D3: ??? (in /usr/lib/aarch64-linux-gnu/tegra/libnvidia-glsi.so.28.2.1)
==24586==    by 0x6125D9F: ??? (in /usr/lib/aarch64-linux-gnu/tegra-egl/libEGL_nvidia.so.0)
==24586==    by 0x61260F7: ??? (in /usr/lib/aarch64-linux-gnu/tegra-egl/libEGL_nvidia.so.0)
==24586==    by 0x60B6493: ??? (in /usr/lib/aarch64-linux-gnu/tegra-egl/libEGL_nvidia.so.0)
==24586==    by 0x60BB167: ??? (in /usr/lib/aarch64-linux-gnu/tegra-egl/libEGL_nvidia.so.0)
==24586==    by 0x4A33223: NvEGLImageFromFd (in /usr/lib/aarch64-linux-gnu/tegra/libnvbuf_utils.so.1.0.0)
==24586==    by 0x41FA1B: NvEglRenderer::renderInternal() (in /tmp/workspace_projects/librairy/NvInterfaceMultiMediaAPI/download/tegra_multimedia_api/samples/15_camera_v4l2_mjpg/camera_v4l2_mjpg)
==24586==    by 0x41EDBF: NvEglRenderer::renderThread(void*) (in /tmp/workspace_projects/librairy/NvInterfaceMultiMediaAPI/download/tegra_multimedia_api/samples/15_camera_v4l2_mjpg/camera_v4l2_mjpg)
==24586==    by 0x4877FC3: start_thread (pthread_create.c:335)
==24586==    by 0x57542DF: thread_start (clone.S:89)
==24586== Warning: invalid file descriptor 1103 in syscall close()
==24586==    at 0x4881A34: close (syscall-template.S:86)
==24586==    by 0x620E003: ??? (in /usr/lib/aarch64-linux-gnu/tegra/libnvidia-glsi.so.28.2.1)
==24586==    by 0x620E8FF: ??? (in /usr/lib/aarch64-linux-gnu/tegra/libnvidia-glsi.so.28.2.1)
==24586==    by 0x62134D3: ??? (in /usr/lib/aarch64-linux-gnu/tegra/libnvidia-glsi.so.28.2.1)
==24586==    by 0x6125D9F: ??? (in /usr/lib/aarch64-linux-gnu/tegra-egl/libEGL_nvidia.so.0)
==24586==    by 0x61260F7: ??? (in /usr/lib/aarch64-linux-gnu/tegra-egl/libEGL_nvidia.so.0)
==24586==    by 0x60B6493: ??? (in /usr/lib/aarch64-linux-gnu/tegra-egl/libEGL_nvidia.so.0)
==24586==    by 0x60BB167: ??? (in /usr/lib/aarch64-linux-gnu/tegra-egl/libEGL_nvidia.so.0)
==24586==    by 0x4A33223: NvEGLImageFromFd (in /usr/lib/aarch64-linux-gnu/tegra/libnvbuf_utils.so.1.0.0)
==24586==    by 0x41FA1B: NvEglRenderer::renderInternal() (in /tmp/workspace_projects/librairy/NvInterfaceMultiMediaAPI/download/tegra_multimedia_api/samples/15_camera_v4l2_mjpg/camera_v4l2_mjpg)
==24586==    by 0x41EDBF: NvEglRenderer::renderThread(void*) (in /tmp/workspace_projects/librairy/NvInterfaceMultiMediaAPI/download/tegra_multimedia_api/samples/15_camera_v4l2_mjpg/camera_v4l2_mjpg)
==24586==    by 0x4877FC3: start_thread (pthread_create.c:335)
==24586==    by 0x57542DF: thread_start (clone.S:89)
==24586== Warning: invalid file descriptor 1104 in syscall close()
==24586==    at 0x4881A34: close (syscall-template.S:86)
==24586==    by 0x620E003: ??? (in /usr/lib/aarch64-linux-gnu/tegra/libnvidia-glsi.so.28.2.1)
==24586==    by 0x620E8FF: ??? (in /usr/lib/aarch64-linux-gnu/tegra/libnvidia-glsi.so.28.2.1)
==24586==    by 0x62134D3: ??? (in /usr/lib/aarch64-linux-gnu/tegra/libnvidia-glsi.so.28.2.1)
==24586==    by 0x6125D9F: ??? (in /usr/lib/aarch64-linux-gnu/tegra-egl/libEGL_nvidia.so.0)
==24586==    by 0x61260F7: ??? (in /usr/lib/aarch64-linux-gnu/tegra-egl/libEGL_nvidia.so.0)
==24586==    by 0x60B6493: ??? (in /usr/lib/aarch64-linux-gnu/tegra-egl/libEGL_nvidia.so.0)
==24586==    by 0x60BB167: ??? (in /usr/lib/aarch64-linux-gnu/tegra-egl/libEGL_nvidia.so.0)
==24586==    by 0x4A33223: NvEGLImageFromFd (in /usr/lib/aarch64-linux-gnu/tegra/libnvbuf_utils.so.1.0.0)
==24586==    by 0x41FA1B: NvEglRenderer::renderInternal() (in /tmp/workspace_projects/librairy/NvInterfaceMultiMediaAPI/download/tegra_multimedia_api/samples/15_camera_v4l2_mjpg/camera_v4l2_mjpg)
==24586==    by 0x41EDBF: NvEglRenderer::renderThread(void*) (in /tmp/workspace_projects/librairy/NvInterfaceMultiMediaAPI/download/tegra_multimedia_api/samples/15_camera_v4l2_mjpg/camera_v4l2_mjpg)
==24586==    by 0x4877FC3: start_thread (pthread_create.c:335)
==24586==    by 0x57542DF: thread_start (clone.S:89)
==24586== Warning: invalid file descriptor 1105 in syscall close()
==24586==    at 0x4881A34: close (syscall-template.S:86)
==24586==    by 0x620E003: ??? (in /usr/lib/aarch64-linux-gnu/tegra/libnvidia-glsi.so.28.2.1)
==24586==    by 0x620E8FF: ??? (in /usr/lib/aarch64-linux-gnu/tegra/libnvidia-glsi.so.28.2.1)
==24586==    by 0x62134D3: ??? (in /usr/lib/aarch64-linux-gnu/tegra/libnvidia-glsi.so.28.2.1)
==24586==    by 0x6125D9F: ??? (in /usr/lib/aarch64-linux-gnu/tegra-egl/libEGL_nvidia.so.0)
==24586==    by 0x61260F7: ??? (in /usr/lib/aarch64-linux-gnu/tegra-egl/libEGL_nvidia.so.0)
==24586==    by 0x60B6493: ??? (in /usr/lib/aarch64-linux-gnu/tegra-egl/libEGL_nvidia.so.0)
==24586==    by 0x60BB167: ??? (in /usr/lib/aarch64-linux-gnu/tegra-egl/libEGL_nvidia.so.0)
==24586==    by 0x4A33223: NvEGLImageFromFd (in /usr/lib/aarch64-linux-gnu/tegra/libnvbuf_utils.so.1.0.0)
==24586==    by 0x41FA1B: NvEglRenderer::renderInternal() (in /tmp/workspace_projects/librairy/NvInterfaceMultiMediaAPI/download/tegra_multimedia_api/samples/15_camera_v4l2_mjpg/camera_v4l2_mjpg)
==24586==    by 0x41EDBF: NvEglRenderer::renderThread(void*) (in /tmp/workspace_projects/librairy/NvInterfaceMultiMediaAPI/download/tegra_multimedia_api/samples/15_camera_v4l2_mjpg/camera_v4l2_mjpg)
==24586==    by 0x4877FC3: start_thread (pthread_create.c:335)
==24586==    by 0x57542DF: thread_start (clone.S:89)
==24586== Warning: invalid file descriptor 1106 in syscall close()
==24586==    at 0x4881A34: close (syscall-template.S:86)
==24586==    by 0x620E003: ??? (in /usr/lib/aarch64-linux-gnu/tegra/libnvidia-glsi.so.28.2.1)
==24586==    by 0x620E8FF: ??? (in /usr/lib/aarch64-linux-gnu/tegra/libnvidia-glsi.so.28.2.1)
==24586==    by 0x62134D3: ??? (in /usr/lib/aarch64-linux-gnu/tegra/libnvidia-glsi.so.28.2.1)
==24586==    by 0x6125D9F: ??? (in /usr/lib/aarch64-linux-gnu/tegra-egl/libEGL_nvidia.so.0)
==24586==    by 0x61260F7: ??? (in /usr/lib/aarch64-linux-gnu/tegra-egl/libEGL_nvidia.so.0)
==24586==    by 0x60B6493: ??? (in /usr/lib/aarch64-linux-gnu/tegra-egl/libEGL_nvidia.so.0)
==24586==    by 0x60BB167: ??? (in /usr/lib/aarch64-linux-gnu/tegra-egl/libEGL_nvidia.so.0)
==24586==    by 0x4A33223: NvEGLImageFromFd (in /usr/lib/aarch64-linux-gnu/tegra/libnvbuf_utils.so.1.0.0)
==24586==    by 0x41FA1B: NvEglRenderer::renderInternal() (in /tmp/workspace_projects/librairy/NvInterfaceMultiMediaAPI/download/tegra_multimedia_api/samples/15_camera_v4l2_mjpg/camera_v4l2_mjpg)
==24586==    by 0x41EDBF: NvEglRenderer::renderThread(void*) (in /tmp/workspace_projects/librairy/NvInterfaceMultiMediaAPI/download/tegra_multimedia_api/samples/15_camera_v4l2_mjpg/camera_v4l2_mjpg)
==24586==    by 0x4877FC3: start_thread (pthread_create.c:335)
==24586==    by 0x57542DF: thread_start (clone.S:89)
==24586== Warning: invalid file descriptor 1107 in syscall close()
==24586==    at 0x4881A34: close (syscall-template.S:86)
==24586==    by 0x620E003: ??? (in /usr/lib/aarch64-linux-gnu/tegra/libnvidia-glsi.so.28.2.1)
==24586==    by 0x620E8FF: ??? (in /usr/lib/aarch64-linux-gnu/tegra/libnvidia-glsi.so.28.2.1)
==24586==    by 0x62134D3: ??? (in /usr/lib/aarch64-linux-gnu/tegra/libnvidia-glsi.so.28.2.1)
==24586==    by 0x6125D9F: ??? (in /usr/lib/aarch64-linux-gnu/tegra-egl/libEGL_nvidia.so.0)
==24586==    by 0x61260F7: ??? (in /usr/lib/aarch64-linux-gnu/tegra-egl/libEGL_nvidia.so.0)
==24586==    by 0x60B6493: ??? (in /usr/lib/aarch64-linux-gnu/tegra-egl/libEGL_nvidia.so.0)
==24586==    by 0x60BB167: ??? (in /usr/lib/aarch64-linux-gnu/tegra-egl/libEGL_nvidia.so.0)
==24586==    by 0x4A33223: NvEGLImageFromFd (in /usr/lib/aarch64-linux-gnu/tegra/libnvbuf_utils.so.1.0.0)
==24586==    by 0x41FA1B: NvEglRenderer::renderInternal() (in /tmp/workspace_projects/librairy/NvInterfaceMultiMediaAPI/download/tegra_multimedia_api/samples/15_camera_v4l2_mjpg/camera_v4l2_mjpg)
==24586==    by 0x41EDBF: NvEglRenderer::renderThread(void*) (in /tmp/workspace_projects/librairy/NvInterfaceMultiMediaAPI/download/tegra_multimedia_api/samples/15_camera_v4l2_mjpg/camera_v4l2_mjpg)
==24586==    by 0x4877FC3: start_thread (pthread_create.c:335)
==24586==    by 0x57542DF: thread_start (clone.S:89)
==24586== Warning: invalid file descriptor 1108 in syscall close()
==24586==    at 0x4881A34: close (syscall-template.S:86)
==24586==    by 0x620E003: ??? (in /usr/lib/aarch64-linux-gnu/tegra/libnvidia-glsi.so.28.2.1)
==24586==    by 0x620E8FF: ??? (in /usr/lib/aarch64-linux-gnu/tegra/libnvidia-glsi.so.28.2.1)
==24586==    by 0x62134D3: ??? (in /usr/lib/aarch64-linux-gnu/tegra/libnvidia-glsi.so.28.2.1)
==24586==    by 0x6125D9F: ??? (in /usr/lib/aarch64-linux-gnu/tegra-egl/libEGL_nvidia.so.0)
==24586==    by 0x61260F7: ??? (in /usr/lib/aarch64-linux-gnu/tegra-egl/libEGL_nvidia.so.0)
==24586==    by 0x60B6493: ??? (in /usr/lib/aarch64-linux-gnu/tegra-egl/libEGL_nvidia.so.0)
==24586==    by 0x60BB167: ??? (in /usr/lib/aarch64-linux-gnu/tegra-egl/libEGL_nvidia.so.0)
==24586==    by 0x4A33223: NvEGLImageFromFd (in /usr/lib/aarch64-linux-gnu/tegra/libnvbuf_utils.so.1.0.0)
==24586==    by 0x41FA1B: NvEglRenderer::renderInternal() (in /tmp/workspace_projects/librairy/NvInterfaceMultiMediaAPI/download/tegra_multimedia_api/samples/15_camera_v4l2_mjpg/camera_v4l2_mjpg)
==24586==    by 0x41EDBF: NvEglRenderer::renderThread(void*) (in /tmp/workspace_projects/librairy/NvInterfaceMultiMediaAPI/download/tegra_multimedia_api/samples/15_camera_v4l2_mjpg/camera_v4l2_mjpg)
==24586==    by 0x4877FC3: start_thread (pthread_create.c:335)
==24586==    by 0x57542DF: thread_start (clone.S:89)
==24586== Warning: invalid file descriptor 1109 in syscall close()
==24586==    at 0x4881A34: close (syscall-template.S:86)
==24586==    by 0x620E003: ??? (in /usr/lib/aarch64-linux-gnu/tegra/libnvidia-glsi.so.28.2.1)
==24586==    by 0x620E8FF: ??? (in /usr/lib/aarch64-linux-gnu/tegra/libnvidia-glsi.so.28.2.1)
==24586==    by 0x62134D3: ??? (in /usr/lib/aarch64-linux-gnu/tegra/libnvidia-glsi.so.28.2.1)
==24586==    by 0x6125D9F: ??? (in /usr/lib/aarch64-linux-gnu/tegra-egl/libEGL_nvidia.so.0)
==24586==    by 0x61260F7: ??? (in /usr/lib/aarch64-linux-gnu/tegra-egl/libEGL_nvidia.so.0)
==24586==    by 0x60B6493: ??? (in /usr/lib/aarch64-linux-gnu/tegra-egl/libEGL_nvidia.so.0)
==24586==    by 0x60BB167: ??? (in /usr/lib/aarch64-linux-gnu/tegra-egl/libEGL_nvidia.so.0)
==24586==    by 0x4A33223: NvEGLImageFromFd (in /usr/lib/aarch64-linux-gnu/tegra/libnvbuf_utils.so.1.0.0)
==24586==    by 0x41FA1B: NvEglRenderer::renderInternal() (in /tmp/workspace_projects/librairy/NvInterfaceMultiMediaAPI/download/tegra_multimedia_api/samples/15_camera_v4l2_mjpg/camera_v4l2_mjpg)
==24586==    by 0x41EDBF: NvEglRenderer::renderThread(void*) (in /tmp/workspace_projects/librairy/NvInterfaceMultiMediaAPI/download/tegra_multimedia_api/samples/15_camera_v4l2_mjpg/camera_v4l2_mjpg)
==24586==    by 0x4877FC3: start_thread (pthread_create.c:335)
==24586==    by 0x57542DF: thread_start (clone.S:89)
==24586== Warning: invalid file descriptor 1110 in syscall close()
==24586==    at 0x4881A34: close (syscall-template.S:86)
==24586==    by 0x620E003: ??? (in /usr/lib/aarch64-linux-gnu/tegra/libnvidia-glsi.so.28.2.1)
==24586==    by 0x620E8FF: ??? (in /usr/lib/aarch64-linux-gnu/tegra/libnvidia-glsi.so.28.2.1)
==24586==    by 0x62134D3: ??? (in /usr/lib/aarch64-linux-gnu/tegra/libnvidia-glsi.so.28.2.1)
==24586==    by 0x6125D9F: ??? (in /usr/lib/aarch64-linux-gnu/tegra-egl/libEGL_nvidia.so.0)
==24586==    by 0x61260F7: ??? (in /usr/lib/aarch64-linux-gnu/tegra-egl/libEGL_nvidia.so.0)
==24586==    by 0x60B6493: ??? (in /usr/lib/aarch64-linux-gnu/tegra-egl/libEGL_nvidia.so.0)
==24586==    by 0x60BB167: ??? (in /usr/lib/aarch64-linux-gnu/tegra-egl/libEGL_nvidia.so.0)
==24586==    by 0x4A33223: NvEGLImageFromFd (in /usr/lib/aarch64-linux-gnu/tegra/libnvbuf_utils.so.1.0.0)
==24586==    by 0x41FA1B: NvEglRenderer::renderInternal() (in /tmp/workspace_projects/librairy/NvInterfaceMultiMediaAPI/download/tegra_multimedia_api/samples/15_camera_v4l2_mjpg/camera_v4l2_mjpg)
==24586==    by 0x41EDBF: NvEglRenderer::renderThread(void*) (in /tmp/workspace_projects/librairy/NvInterfaceMultiMediaAPI/download/tegra_multimedia_api/samples/15_camera_v4l2_mjpg/camera_v4l2_mjpg)
==24586==    by 0x4877FC3: start_thread (pthread_create.c:335)
==24586==    by 0x57542DF: thread_start (clone.S:89)
--24586-- Discarding syms at 0x6cb91b0-0x6cc4c24 in /usr/lib/aarch64-linux-gnu/tegra-egl/libGLESv2_nvidia.so.2 due to munmap()
==24586== Conditional jump or move depends on uninitialised value(s)
==24586==    at 0x4A328B4: NvBufferDestroy (in /usr/lib/aarch64-linux-gnu/tegra/libnvbuf_utils.so.1.0.0)
==24586==    by 0x407833: main (in /tmp/workspace_projects/librairy/NvInterfaceMultiMediaAPI/download/tegra_multimedia_api/samples/15_camera_v4l2_mjpg/camera_v4l2_mjpg)
==24586==  Uninitialised value was created by a stack allocation
==24586==    at 0x4A32890: NvBufferDestroy (in /usr/lib/aarch64-linux-gnu/tegra/libnvbuf_utils.so.1.0.0)
==24586== 
==24586== 
==24586== ---- Print suppression ? --- [Return/N/n/Y/y/C/c] ---- --24586-- Discarding syms at 0x60a7580-0x6143394 in /usr/lib/aarch64-linux-gnu/tegra-egl/libEGL_nvidia.so.0 due to munmap()
--24586-- Discarding syms at 0x62922e0-0x6295d48 in /usr/lib/aarch64-linux-gnu/tegra/libnvidia-egl-wayland.so due to munmap()
--24586-- Discarding syms at 0x62cb3c0-0x62d128c in /usr/lib/aarch64-linux-gnu/libwayland-server.so.0.1.0 due to munmap()
--24586-- Discarding syms at 0x62ad1f0-0x62b1924 in /usr/lib/aarch64-linux-gnu/libwayland-client.so.0.3.0 due to munmap()
--24586-- Discarding syms at 0x62e6850-0x62eaf80 in /usr/lib/aarch64-linux-gnu/libffi.so.6.0.4 due to munmap()
--24586-- Discarding syms at 0x63140a0-0x63674e4 in /usr/lib/aarch64-linux-gnu/tegra/libnvtvmr.so due to munmap()
--24586-- Discarding syms at 0x6b90680-0x6b9b464 in /usr/lib/aarch64-linux-gnu/libXext.so.6.4.0 due to munmap()
==24586== 
==24586== FILE DESCRIPTORS: 6 open at exit.
==24586== Open file descriptor 18: /dev/nvhost-nvjpg
==24586==    at 0x4882340: open (open.c:40)
==24586==    by 0x5A0515B: ??? (in /usr/lib/aarch64-linux-gnu/tegra/libnvrm_graphics.so)
==24586==    by 0x5A0135B: NvRmChannelOpenDeviceFile (in /usr/lib/aarch64-linux-gnu/tegra/libnvrm_graphics.so)
==24586==    by 0x5A0145B: NvRmChannelOpen (in /usr/lib/aarch64-linux-gnu/tegra/libnvrm_graphics.so)
==24586==    by 0x631FFC7: ???
==24586==    by 0x63228EF: ???
==24586==    by 0x4A83E47: jpegTegraDecoderMgrCreate (in /usr/lib/aarch64-linux-gnu/tegra/libnvjpeg.so)
==24586==    by 0x4A5B9B7: jpeg_consume_input (in /usr/lib/aarch64-linux-gnu/tegra/libnvjpeg.so)
==24586==    by 0x4A5BA27: jpeg_read_header (in /usr/lib/aarch64-linux-gnu/tegra/libnvjpeg.so)
==24586==    by 0x422B67: NvJPEGDecoder::decodeToFd(int&, unsigned char*, unsigned long, unsigned int&, unsigned int&, unsigned int&) (in /tmp/workspace_projects/librairy/NvInterfaceMultiMediaAPI/download/tegra_multimedia_api/samples/15_camera_v4l2_mjpg/camera_v4l2_mjpg)
==24586==    by 0x4072EF: start_capture(context_t*) (in /tmp/workspace_projects/librairy/NvInterfaceMultiMediaAPI/download/tegra_multimedia_api/samples/15_camera_v4l2_mjpg/camera_v4l2_mjpg)
==24586==    by 0x4076CB: main (in /tmp/workspace_projects/librairy/NvInterfaceMultiMediaAPI/download/tegra_multimedia_api/samples/15_camera_v4l2_mjpg/camera_v4l2_mjpg)
==24586== 
==24586== Open file descriptor 17: /dev/nvhost-vic
==24586==    at 0x4882340: open (open.c:40)
==24586==    by 0x5A0515B: ??? (in /usr/lib/aarch64-linux-gnu/tegra/libnvrm_graphics.so)
==24586==    by 0x5A0135B: NvRmChannelOpenDeviceFile (in /usr/lib/aarch64-linux-gnu/tegra/libnvrm_graphics.so)
==24586==    by 0x5A0145B: NvRmChannelOpen (in /usr/lib/aarch64-linux-gnu/tegra/libnvrm_graphics.so)
==24586==    by 0x63487BB: ???
==24586==    by 0x6314777: ???
==24586==    by 0x4A83DF3: jpegTegraDecoderMgrCreate (in /usr/lib/aarch64-linux-gnu/tegra/libnvjpeg.so)
==24586==    by 0x4A5B9B7: jpeg_consume_input (in /usr/lib/aarch64-linux-gnu/tegra/libnvjpeg.so)
==24586==    by 0x4A5BA27: jpeg_read_header (in /usr/lib/aarch64-linux-gnu/tegra/libnvjpeg.so)
==24586==    by 0x422B67: NvJPEGDecoder::decodeToFd(int&, unsigned char*, unsigned long, unsigned int&, unsigned int&, unsigned int&) (in /tmp/workspace_projects/librairy/NvInterfaceMultiMediaAPI/download/tegra_multimedia_api/samples/15_camera_v4l2_mjpg/camera_v4l2_mjpg)
==24586==    by 0x4072EF: start_capture(context_t*) (in /tmp/workspace_projects/librairy/NvInterfaceMultiMediaAPI/download/tegra_multimedia_api/samples/15_camera_v4l2_mjpg/camera_v4l2_mjpg)
==24586==    by 0x4076CB: main (in /tmp/workspace_projects/librairy/NvInterfaceMultiMediaAPI/download/tegra_multimedia_api/samples/15_camera_v4l2_mjpg/camera_v4l2_mjpg)
==24586== 
==24586== Open file descriptor 3: /tmp/workspace_projects/librairy/NvInterfaceMultiMediaAPI/download/tegra_multimedia_api/samples/15_camera_v4l2_mjpg/valgrind_memcheck2.log
==24586==    <inherited from parent>
==24586== 
==24586== Open file descriptor 2: /dev/pts/1
==24586==    <inherited from parent>
==24586== 
==24586== Open file descriptor 1: /dev/pts/1
==24586==    <inherited from parent>
==24586== 
==24586== Open file descriptor 0: /dev/pts/1
==24586==    <inherited from parent>
==24586== 
==24586== 
==24586== HEAP SUMMARY:
==24586==     in use at exit: 176,348,901 bytes in 55 blocks
==24586==   total heap usage: 2,662 allocs, 2,607 frees, 203,477,352 bytes allocated
==24586== 
==24586== Searching for pointers to 55 not-freed blocks
==24586== Checked 41,472,776 bytes
==24586== 
==24586== 8 bytes in 1 blocks are indirectly lost in loss record 1 of 34
==24586==    at 0x4846CFC: calloc (vg_replace_malloc.c:711)
==24586==    by 0x6315BEB: ???
==24586==    by 0x4A83E0B: jpegTegraDecoderMgrCreate (in /usr/lib/aarch64-linux-gnu/tegra/libnvjpeg.so)
==24586==    by 0x4A5B9B7: jpeg_consume_input (in /usr/lib/aarch64-linux-gnu/tegra/libnvjpeg.so)
==24586==    by 0x4A5BA27: jpeg_read_header (in /usr/lib/aarch64-linux-gnu/tegra/libnvjpeg.so)
==24586==    by 0x422B67: NvJPEGDecoder::decodeToFd(int&, unsigned char*, unsigned long, unsigned int&, unsigned int&, unsigned int&) (in /tmp/workspace_projects/librairy/NvInterfaceMultiMediaAPI/download/tegra_multimedia_api/samples/15_camera_v4l2_mjpg/camera_v4l2_mjpg)
==24586==    by 0x4072EF: start_capture(context_t*) (in /tmp/workspace_projects/librairy/NvInterfaceMultiMediaAPI/download/tegra_multimedia_api/samples/15_camera_v4l2_mjpg/camera_v4l2_mjpg)
==24586==    by 0x4076CB: main (in /tmp/workspace_projects/librairy/NvInterfaceMultiMediaAPI/download/tegra_multimedia_api/samples/15_camera_v4l2_mjpg/camera_v4l2_mjpg)
==24586== 
==24586== 
==24586== ---- Print suppression ? --- [Return/N/n/Y/y/C/c] ---- ==24586== 8 bytes in 1 blocks are indirectly lost in loss record 2 of 34
==24586==    at 0x4846CFC: calloc (vg_replace_malloc.c:711)
==24586==    by 0x6315BEB: ???
==24586==    by 0x4A83E1F: jpegTegraDecoderMgrCreate (in /usr/lib/aarch64-linux-gnu/tegra/libnvjpeg.so)
==24586==    by 0x4A5B9B7: jpeg_consume_input (in /usr/lib/aarch64-linux-gnu/tegra/libnvjpeg.so)
==24586==    by 0x4A5BA27: jpeg_read_header (in /usr/lib/aarch64-linux-gnu/tegra/libnvjpeg.so)
==24586==    by 0x422B67: NvJPEGDecoder::decodeToFd(int&, unsigned char*, unsigned long, unsigned int&, unsigned int&, unsigned int&) (in /tmp/workspace_projects/librairy/NvInterfaceMultiMediaAPI/download/tegra_multimedia_api/samples/15_camera_v4l2_mjpg/camera_v4l2_mjpg)
==24586==    by 0x4072EF: start_capture(context_t*) (in /tmp/workspace_projects/librairy/NvInterfaceMultiMediaAPI/download/tegra_multimedia_api/samples/15_camera_v4l2_mjpg/camera_v4l2_mjpg)
==24586==    by 0x4076CB: main (in /tmp/workspace_projects/librairy/NvInterfaceMultiMediaAPI/download/tegra_multimedia_api/samples/15_camera_v4l2_mjpg/camera_v4l2_mjpg)
==24586== 
==24586== 
==24586== ---- Print suppression ? --- [Return/N/n/Y/y/C/c] ---- ==24586== 32 bytes in 1 blocks are still reachable in loss record 3 of 34
==24586==    at 0x4846CFC: calloc (vg_replace_malloc.c:711)
==24586==    by 0x57D66B7: _dlerror_run (dlerror.c:141)
==24586==    by 0x57D6107: dlsym (dlsym.c:70)
==24586==    by 0x58AC0F7: ??? (in /usr/lib/aarch64-linux-gnu/tegra/libGLdispatch.so.0)
==24586==    by 0x58AC463: ??? (in /usr/lib/aarch64-linux-gnu/tegra/libGLdispatch.so.0)
==24586==    by 0x400DB1B: call_init.part.0 (dl-init.c:58)
==24586==    by 0x400DCA7: call_init (dl-init.c:30)
==24586==    by 0x400DCA7: _dl_init (dl-init.c:120)
==24586==    by 0x4000D43: ??? (in /lib/aarch64-linux-gnu/ld-2.23.so)
==24586== 
==24586== 48 bytes in 1 blocks are indirectly lost in loss record 4 of 34
==24586==    at 0x4844B88: malloc (vg_replace_malloc.c:299)
==24586==    by 0x5A05133: ??? (in /usr/lib/aarch64-linux-gnu/tegra/libnvrm_graphics.so)
==24586==    by 0x5A0135B: NvRmChannelOpenDeviceFile (in /usr/lib/aarch64-linux-gnu/tegra/libnvrm_graphics.so)
==24586==    by 0x5A0145B: NvRmChannelOpen (in /usr/lib/aarch64-linux-gnu/tegra/libnvrm_graphics.so)
==24586==    by 0x63487BB: ???
==24586==    by 0x6314777: ???
==24586==    by 0x4A83DF3: jpegTegraDecoderMgrCreate (in /usr/lib/aarch64-linux-gnu/tegra/libnvjpeg.so)
==24586==    by 0x4A5B9B7: jpeg_consume_input (in /usr/lib/aarch64-linux-gnu/tegra/libnvjpeg.so)
==24586==    by 0x4A5BA27: jpeg_read_header (in /usr/lib/aarch64-linux-gnu/tegra/libnvjpeg.so)
==24586==    by 0x422B67: NvJPEGDecoder::decodeToFd(int&, unsigned char*, unsigned long, unsigned int&, unsigned int&, unsigned int&) (in /tmp/workspace_projects/librairy/NvInterfaceMultiMediaAPI/download/tegra_multimedia_api/samples/15_camera_v4l2_mjpg/camera_v4l2_mjpg)
==24586==    by 0x4072EF: start_capture(context_t*) (in /tmp/workspace_projects/librairy/NvInterfaceMultiMediaAPI/download/tegra_multimedia_api/samples/15_camera_v4l2_mjpg/camera_v4l2_mjpg)
==24586==    by 0x4076CB: main (in /tmp/workspace_projects/librairy/NvInterfaceMultiMediaAPI/download/tegra_multimedia_api/samples/15_camera_v4l2_mjpg/camera_v4l2_mjpg)
==24586== 
==24586== 48 bytes in 1 blocks are indirectly lost in loss record 5 of 34
==24586==    at 0x4844B88: malloc (vg_replace_malloc.c:299)
==24586==    by 0x5A05133: ??? (in /usr/lib/aarch64-linux-gnu/tegra/libnvrm_graphics.so)
==24586==    by 0x5A0135B: NvRmChannelOpenDeviceFile (in /usr/lib/aarch64-linux-gnu/tegra/libnvrm_graphics.so)
==24586==    by 0x5A0145B: NvRmChannelOpen (in /usr/lib/aarch64-linux-gnu/tegra/libnvrm_graphics.so)
==24586==    by 0x631FFC7: ???
==24586==    by 0x63228EF: ???
==24586==    by 0x4A83E47: jpegTegraDecoderMgrCreate (in /usr/lib/aarch64-linux-gnu/tegra/libnvjpeg.so)
==24586==    by 0x4A5B9B7: jpeg_consume_input (in /usr/lib/aarch64-linux-gnu/tegra/libnvjpeg.so)
==24586==    by 0x4A5BA27: jpeg_read_header (in /usr/lib/aarch64-linux-gnu/tegra/libnvjpeg.so)
==24586==    by 0x422B67: NvJPEGDecoder::decodeToFd(int&, unsigned char*, unsigned long, unsigned int&, unsigned int&, unsigned int&) (in /tmp/workspace_projects/librairy/NvInterfaceMultiMediaAPI/download/tegra_multimedia_api/samples/15_camera_v4l2_mjpg/camera_v4l2_mjpg)
==24586==    by 0x4072EF: start_capture(context_t*) (in /tmp/workspace_projects/librairy/NvInterfaceMultiMediaAPI/download/tegra_multimedia_api/samples/15_camera_v4l2_mjpg/camera_v4l2_mjpg)
==24586==    by 0x4076CB: main (in /tmp/workspace_projects/librairy/NvInterfaceMultiMediaAPI/download/tegra_multimedia_api/samples/15_camera_v4l2_mjpg/camera_v4l2_mjpg)
==24586== 
==24586== 61 bytes in 1 blocks are still reachable in loss record 6 of 34
==24586==    at 0x4844B88: malloc (vg_replace_malloc.c:299)
==24586==    by 0x4016D87: strdup (strdup.c:42)
==24586==    by 0x4013C8B: _dl_load_cache_lookup (dl-cache.c:311)
==24586==    by 0x4007F6F: _dl_map_object (dl-load.c:2364)
==24586==    by 0x4011E3B: dl_open_worker (dl-open.c:237)
==24586==    by 0x400D9F7: _dl_catch_error (dl-error.c:187)
==24586==    by 0x401196F: _dl_open (dl-open.c:660)
==24586==    by 0x57D5F57: dlopen_doit (dlopen.c:66)
==24586==    by 0x400D9F7: _dl_catch_error (dl-error.c:187)
==24586==    by 0x57D660F: _dlerror_run (dlerror.c:163)
==24586==    by 0x57D6007: dlopen@@GLIBC_2.17 (dlopen.c:87)
==24586==    by 0x6CC3B43: ???
==24586==    by 0x6CC1F6B: ???
==24586==    by 0x60AAE37: ???
==24586==    by 0x60AAEEB: ???
==24586==    by 0x60A8E17: ???
==24586==    by 0x613693F: ???
==24586==    by 0x60A91BF: ???
==24586==    by 0x60BA177: ???
==24586==    by 0x6135317: ???
==24586== 
==24586== 61 bytes in 1 blocks are still reachable in loss record 7 of 34
==24586==    at 0x4844B88: malloc (vg_replace_malloc.c:299)
==24586==    by 0x400A3FF: _dl_new_object (dl-object.c:165)
==24586==    by 0x4004EE3: _dl_map_object_from_fd (dl-load.c:1028)
==24586==    by 0x4007B6B: _dl_map_object (dl-load.c:2498)
==24586==    by 0x4011E3B: dl_open_worker (dl-open.c:237)
==24586==    by 0x400D9F7: _dl_catch_error (dl-error.c:187)
==24586==    by 0x401196F: _dl_open (dl-open.c:660)
==24586==    by 0x57D5F57: dlopen_doit (dlopen.c:66)
==24586==    by 0x400D9F7: _dl_catch_error (dl-error.c:187)
==24586==    by 0x57D660F: _dlerror_run (dlerror.c:163)
==24586==    by 0x57D6007: dlopen@@GLIBC_2.17 (dlopen.c:87)
==24586==    by 0x6CC3B43: ???
==24586==    by 0x6CC1F6B: ???
==24586==    by 0x60AAE37: ???
==24586==    by 0x60AAEEB: ???
==24586==    by 0x60A8E17: ???
==24586==    by 0x613693F: ???
==24586==    by 0x60A91BF: ???
==24586==    by 0x60BA177: ???
==24586==    by 0x6135317: ???
==24586== 
==24586== 64 bytes in 1 blocks are indirectly lost in loss record 8 of 34
==24586==    at 0x4846CFC: calloc (vg_replace_malloc.c:711)
==24586==    by 0x63149C3: ???
==24586==    by 0x4A84DE3: jpegTegraDecoderSurfaceResize (in /usr/lib/aarch64-linux-gnu/tegra/libnvjpeg.so)
==24586==    by 0x4A5BE3B: jpeg_start_decompress (in /usr/lib/aarch64-linux-gnu/tegra/libnvjpeg.so)
==24586==    by 0x422C03: NvJPEGDecoder::decodeToFd(int&, unsigned char*, unsigned long, unsigned int&, unsigned int&, unsigned int&) (in /tmp/workspace_projects/librairy/NvInterfaceMultiMediaAPI/download/tegra_multimedia_api/samples/15_camera_v4l2_mjpg/camera_v4l2_mjpg)
==24586==    by 0x4072EF: start_capture(context_t*) (in /tmp/workspace_projects/librairy/NvInterfaceMultiMediaAPI/download/tegra_multimedia_api/samples/15_camera_v4l2_mjpg/camera_v4l2_mjpg)
==24586==    by 0x4076CB: main (in /tmp/workspace_projects/librairy/NvInterfaceMultiMediaAPI/download/tegra_multimedia_api/samples/15_camera_v4l2_mjpg/camera_v4l2_mjpg)
==24586== 
==24586== 72 bytes in 3 blocks are indirectly lost in loss record 9 of 34
==24586==    at 0x4846CFC: calloc (vg_replace_malloc.c:711)
==24586==    by 0x6314ABB: ???
==24586==    by 0x4A84DE3: jpegTegraDecoderSurfaceResize (in /usr/lib/aarch64-linux-gnu/tegra/libnvjpeg.so)
==24586==    by 0x4A5BE3B: jpeg_start_decompress (in /usr/lib/aarch64-linux-gnu/tegra/libnvjpeg.so)
==24586==    by 0x422C03: NvJPEGDecoder::decodeToFd(int&, unsigned char*, unsigned long, unsigned int&, unsigned int&, unsigned int&) (in /tmp/workspace_projects/librairy/NvInterfaceMultiMediaAPI/download/tegra_multimedia_api/samples/15_camera_v4l2_mjpg/camera_v4l2_mjpg)
==24586==    by 0x4072EF: start_capture(context_t*) (in /tmp/workspace_projects/librairy/NvInterfaceMultiMediaAPI/download/tegra_multimedia_api/samples/15_camera_v4l2_mjpg/camera_v4l2_mjpg)
==24586==    by 0x4076CB: main (in /tmp/workspace_projects/librairy/NvInterfaceMultiMediaAPI/download/tegra_multimedia_api/samples/15_camera_v4l2_mjpg/camera_v4l2_mjpg)
==24586== 
==24586== 104 bytes in 1 blocks are indirectly lost in loss record 10 of 34
==24586==    at 0x4844B88: malloc (vg_replace_malloc.c:299)
==24586==    by 0x5C3CEAF: ??? (in /usr/lib/aarch64-linux-gnu/tegra/libnvos.so)
==24586==    by 0x59FF773: ??? (in /usr/lib/aarch64-linux-gnu/tegra/libnvrm_graphics.so)
==24586==    by 0x59FF92B: NvRmStreamInit (in /usr/lib/aarch64-linux-gnu/tegra/libnvrm_graphics.so)
==24586==    by 0x63487EF: ???
==24586==    by 0x6314777: ???
==24586==    by 0x4A83DF3: jpegTegraDecoderMgrCreate (in /usr/lib/aarch64-linux-gnu/tegra/libnvjpeg.so)
==24586==    by 0x4A5B9B7: jpeg_consume_input (in /usr/lib/aarch64-linux-gnu/tegra/libnvjpeg.so)
==24586==    by 0x4A5BA27: jpeg_read_header (in /usr/lib/aarch64-linux-gnu/tegra/libnvjpeg.so)
==24586==    by 0x422B67: NvJPEGDecoder::decodeToFd(int&, unsigned char*, unsigned long, unsigned int&, unsigned int&, unsigned int&) (in /tmp/workspace_projects/librairy/NvInterfaceMultiMediaAPI/download/tegra_multimedia_api/samples/15_camera_v4l2_mjpg/camera_v4l2_mjpg)
==24586==    by 0x4072EF: start_capture(context_t*) (in /tmp/workspace_projects/librairy/NvInterfaceMultiMediaAPI/download/tegra_multimedia_api/samples/15_camera_v4l2_mjpg/camera_v4l2_mjpg)
==24586==    by 0x4076CB: main (in /tmp/workspace_projects/librairy/NvInterfaceMultiMediaAPI/download/tegra_multimedia_api/samples/15_camera_v4l2_mjpg/camera_v4l2_mjpg)
==24586== 
==24586== 104 bytes in 1 blocks are indirectly lost in loss record 11 of 34
==24586==    at 0x4844B88: malloc (vg_replace_malloc.c:299)
==24586==    by 0x5C3CEAF: ??? (in /usr/lib/aarch64-linux-gnu/tegra/libnvos.so)
==24586==    by 0x59FF773: ??? (in /usr/lib/aarch64-linux-gnu/tegra/libnvrm_graphics.so)
==24586==    by 0x59FF92B: NvRmStreamInit (in /usr/lib/aarch64-linux-gnu/tegra/libnvrm_graphics.so)
==24586==    by 0x631FFDB: ???
==24586==    by 0x63228EF: ???
==24586==    by 0x4A83E47: jpegTegraDecoderMgrCreate (in /usr/lib/aarch64-linux-gnu/tegra/libnvjpeg.so)
==24586==    by 0x4A5B9B7: jpeg_consume_input (in /usr/lib/aarch64-linux-gnu/tegra/libnvjpeg.so)
==24586==    by 0x4A5BA27: jpeg_read_header (in /usr/lib/aarch64-linux-gnu/tegra/libnvjpeg.so)
==24586==    by 0x422B67: NvJPEGDecoder::decodeToFd(int&, unsigned char*, unsigned long, unsigned int&, unsigned int&, unsigned int&) (in /tmp/workspace_projects/librairy/NvInterfaceMultiMediaAPI/download/tegra_multimedia_api/samples/15_camera_v4l2_mjpg/camera_v4l2_mjpg)
==24586==    by 0x4072EF: start_capture(context_t*) (in /tmp/workspace_projects/librairy/NvInterfaceMultiMediaAPI/download/tegra_multimedia_api/samples/15_camera_v4l2_mjpg/camera_v4l2_mjpg)
==24586==    by 0x4076CB: main (in /tmp/workspace_projects/librairy/NvInterfaceMultiMediaAPI/download/tegra_multimedia_api/samples/15_camera_v4l2_mjpg/camera_v4l2_mjpg)
==24586== 
==24586== 123 bytes in 2 blocks are still reachable in loss record 12 of 34
==24586==    at 0x4844B88: malloc (vg_replace_malloc.c:299)
==24586==    by 0x4016D87: strdup (strdup.c:42)
==24586==    by 0x4013C8B: _dl_load_cache_lookup (dl-cache.c:311)
==24586==    by 0x4007F6F: _dl_map_object (dl-load.c:2364)
==24586==    by 0x400B83F: openaux (dl-deps.c:63)
==24586==    by 0x400D9F7: _dl_catch_error (dl-error.c:187)
==24586==    by 0x400B9D7: _dl_map_object_deps (dl-deps.c:254)
==24586==    by 0x4011E9B: dl_open_worker (dl-open.c:280)
==24586==    by 0x400D9F7: _dl_catch_error (dl-error.c:187)
==24586==    by 0x401196F: _dl_open (dl-open.c:660)
==24586==    by 0x57D5F57: dlopen_doit (dlopen.c:66)
==24586==    by 0x400D9F7: _dl_catch_error (dl-error.c:187)
==24586==    by 0x57D660F: _dlerror_run (dlerror.c:163)
==24586==    by 0x57D6007: dlopen@@GLIBC_2.17 (dlopen.c:87)
==24586==    by 0x48BE273: ??? (in /usr/lib/aarch64-linux-gnu/tegra-egl/libEGL.so.1)
==24586==    by 0x48BE0D7: ??? (in /usr/lib/aarch64-linux-gnu/tegra-egl/libEGL.so.1)
==24586==    by 0x400DB1B: call_init.part.0 (dl-init.c:58)
==24586==    by 0x400DCA7: call_init (dl-init.c:30)
==24586==    by 0x400DCA7: _dl_init (dl-init.c:120)
==24586==    by 0x4000D43: ??? (in /lib/aarch64-linux-gnu/ld-2.23.so)
==24586== 
==24586== 123 bytes in 2 blocks are still reachable in loss record 13 of 34
==24586==    at 0x4844B88: malloc (vg_replace_malloc.c:299)
==24586==    by 0x400A3FF: _dl_new_object (dl-object.c:165)
==24586==    by 0x4004EE3: _dl_map_object_from_fd (dl-load.c:1028)
==24586==    by 0x4007B6B: _dl_map_object (dl-load.c:2498)
==24586==    by 0x400B83F: openaux (dl-deps.c:63)
==24586==    by 0x400D9F7: _dl_catch_error (dl-error.c:187)
==24586==    by 0x400B9D7: _dl_map_object_deps (dl-deps.c:254)
==24586==    by 0x4011E9B: dl_open_worker (dl-open.c:280)
==24586==    by 0x400D9F7: _dl_catch_error (dl-error.c:187)
==24586==    by 0x401196F: _dl_open (dl-open.c:660)
==24586==    by 0x57D5F57: dlopen_doit (dlopen.c:66)
==24586==    by 0x400D9F7: _dl_catch_error (dl-error.c:187)
==24586==    by 0x57D660F: _dlerror_run (dlerror.c:163)
==24586==    by 0x57D6007: dlopen@@GLIBC_2.17 (dlopen.c:87)
==24586==    by 0x48BE273: ??? (in /usr/lib/aarch64-linux-gnu/tegra-egl/libEGL.so.1)
==24586==    by 0x48BE0D7: ??? (in /usr/lib/aarch64-linux-gnu/tegra-egl/libEGL.so.1)
==24586==    by 0x400DB1B: call_init.part.0 (dl-init.c:58)
==24586==    by 0x400DCA7: call_init (dl-init.c:30)
==24586==    by 0x400DCA7: _dl_init (dl-init.c:120)
==24586==    by 0x4000D43: ??? (in /lib/aarch64-linux-gnu/ld-2.23.so)
==24586== 
==24586== 128 bytes in 2 blocks are still reachable in loss record 14 of 34
==24586==    at 0x4844B88: malloc (vg_replace_malloc.c:299)
==24586==    by 0x4012E1B: _dl_close_worker (dl-close.c:393)
==24586==    by 0x40136FB: _dl_close (dl-close.c:822)
==24586==    by 0x400D9F7: _dl_catch_error (dl-error.c:187)
==24586==    by 0x57D660F: _dlerror_run (dlerror.c:163)
==24586==    by 0x57D606B: dlclose (dlclose.c:46)
==24586==    by 0x400E10F: _dl_fini (dl-fini.c:235)
==24586==    by 0x56C1F17: __run_exit_handlers (exit.c:82)
==24586==    by 0x56C1F3F: exit (exit.c:104)
==24586==    by 0x56AD8A3: (below main) (libc-start.c:325)
==24586== 
==24586== 128 bytes in 1 blocks are definitely lost in loss record 15 of 34
==24586==    at 0x4844B88: malloc (vg_replace_malloc.c:299)
==24586==    by 0x4A5B49B: jpeg_CreateDecompress (in /usr/lib/aarch64-linux-gnu/tegra/libnvjpeg.so)
==24586==    by 0x4226BB: NvJPEGDecoder::NvJPEGDecoder(char const*) (in /tmp/workspace_projects/librairy/NvInterfaceMultiMediaAPI/download/tegra_multimedia_api/samples/15_camera_v4l2_mjpg/camera_v4l2_mjpg)
==24586==    by 0x42270F: NvJPEGDecoder::createJPEGDecoder(char const*) (in /tmp/workspace_projects/librairy/NvInterfaceMultiMediaAPI/download/tegra_multimedia_api/samples/15_camera_v4l2_mjpg/camera_v4l2_mjpg)
==24586==    by 0x407027: start_capture(context_t*) (in /tmp/workspace_projects/librairy/NvInterfaceMultiMediaAPI/download/tegra_multimedia_api/samples/15_camera_v4l2_mjpg/camera_v4l2_mjpg)
==24586==    by 0x4076CB: main (in /tmp/workspace_projects/librairy/NvInterfaceMultiMediaAPI/download/tegra_multimedia_api/samples/15_camera_v4l2_mjpg/camera_v4l2_mjpg)
==24586== 
==24586== 144 bytes in 1 blocks are still reachable in loss record 16 of 34
==24586==    at 0x4846CFC: calloc (vg_replace_malloc.c:711)
==24586==    by 0x400F2D3: _dl_check_map_versions (dl-version.c:293)
==24586==    by 0x40120F3: dl_open_worker (dl-open.c:286)
==24586==    by 0x400D9F7: _dl_catch_error (dl-error.c:187)
==24586==    by 0x401196F: _dl_open (dl-open.c:660)
==24586==    by 0x57D5F57: dlopen_doit (dlopen.c:66)
==24586==    by 0x400D9F7: _dl_catch_error (dl-error.c:187)
==24586==    by 0x57D660F: _dlerror_run (dlerror.c:163)
==24586==    by 0x57D6007: dlopen@@GLIBC_2.17 (dlopen.c:87)
==24586==    by 0x6CC3B43: ???
==24586==    by 0x6CC1F6B: ???
==24586==    by 0x60AAE37: ???
==24586==    by 0x60AAEEB: ???
==24586==    by 0x60A8E17: ???
==24586==    by 0x613693F: ???
==24586==    by 0x60A91BF: ???
==24586==    by 0x60BA177: ???
==24586==    by 0x6135317: ???
==24586==    by 0x60B32C7: ???
==24586==    by 0x60B9FFB: ???
==24586== 
==24586== 168 bytes in 1 blocks are indirectly lost in loss record 17 of 34
==24586==    at 0x4844B88: malloc (vg_replace_malloc.c:299)
==24586==    by 0x4A81E33: jinit_memory_mgr (in /usr/lib/aarch64-linux-gnu/tegra/libnvjpeg.so)
==24586==    by 0x4A5B45B: jpeg_CreateDecompress (in /usr/lib/aarch64-linux-gnu/tegra/libnvjpeg.so)
==24586==    by 0x4226BB: NvJPEGDecoder::NvJPEGDecoder(char const*) (in /tmp/workspace_projects/librairy/NvInterfaceMultiMediaAPI/download/tegra_multimedia_api/samples/15_camera_v4l2_mjpg/camera_v4l2_mjpg)
==24586==    by 0x42270F: NvJPEGDecoder::createJPEGDecoder(char const*) (in /tmp/workspace_projects/librairy/NvInterfaceMultiMediaAPI/download/tegra_multimedia_api/samples/15_camera_v4l2_mjpg/camera_v4l2_mjpg)
==24586==    by 0x407027: start_capture(context_t*) (in /tmp/workspace_projects/librairy/NvInterfaceMultiMediaAPI/download/tegra_multimedia_api/samples/15_camera_v4l2_mjpg/camera_v4l2_mjpg)
==24586==    by 0x4076CB: main (in /tmp/workspace_projects/librairy/NvInterfaceMultiMediaAPI/download/tegra_multimedia_api/samples/15_camera_v4l2_mjpg/camera_v4l2_mjpg)
==24586== 
==24586== 192 bytes in 2 blocks are still reachable in loss record 18 of 34
==24586==    at 0x4846CFC: calloc (vg_replace_malloc.c:711)
==24586==    by 0x400F2D3: _dl_check_map_versions (dl-version.c:293)
==24586==    by 0x40120F3: dl_open_worker (dl-open.c:286)
==24586==    by 0x400D9F7: _dl_catch_error (dl-error.c:187)
==24586==    by 0x401196F: _dl_open (dl-open.c:660)
==24586==    by 0x57D5F57: dlopen_doit (dlopen.c:66)
==24586==    by 0x400D9F7: _dl_catch_error (dl-error.c:187)
==24586==    by 0x57D660F: _dlerror_run (dlerror.c:163)
==24586==    by 0x57D6007: dlopen@@GLIBC_2.17 (dlopen.c:87)
==24586==    by 0x48BE273: ??? (in /usr/lib/aarch64-linux-gnu/tegra-egl/libEGL.so.1)
==24586==    by 0x48BE0D7: ??? (in /usr/lib/aarch64-linux-gnu/tegra-egl/libEGL.so.1)
==24586==    by 0x400DB1B: call_init.part.0 (dl-init.c:58)
==24586==    by 0x400DCA7: call_init (dl-init.c:30)
==24586==    by 0x400DCA7: _dl_init (dl-init.c:120)
==24586==    by 0x4000D43: ??? (in /lib/aarch64-linux-gnu/ld-2.23.so)
==24586== 
==24586== 264 bytes in 3 blocks are indirectly lost in loss record 19 of 34
==24586==    at 0x4846CFC: calloc (vg_replace_malloc.c:711)
==24586==    by 0x6314ACF: ???
==24586==    by 0x4A84DE3: jpegTegraDecoderSurfaceResize (in /usr/lib/aarch64-linux-gnu/tegra/libnvjpeg.so)
==24586==    by 0x4A5BE3B: jpeg_start_decompress (in /usr/lib/aarch64-linux-gnu/tegra/libnvjpeg.so)
==24586==    by 0x422C03: NvJPEGDecoder::decodeToFd(int&, unsigned char*, unsigned long, unsigned int&, unsigned int&, unsigned int&) (in /tmp/workspace_projects/librairy/NvInterfaceMultiMediaAPI/download/tegra_multimedia_api/samples/15_camera_v4l2_mjpg/camera_v4l2_mjpg)
==24586==    by 0x4072EF: start_capture(context_t*) (in /tmp/workspace_projects/librairy/NvInterfaceMultiMediaAPI/download/tegra_multimedia_api/samples/15_camera_v4l2_mjpg/camera_v4l2_mjpg)
==24586==    by 0x4076CB: main (in /tmp/workspace_projects/librairy/NvInterfaceMultiMediaAPI/download/tegra_multimedia_api/samples/15_camera_v4l2_mjpg/camera_v4l2_mjpg)
==24586== 
==24586== 536 bytes in 1 blocks are indirectly lost in loss record 20 of 34
==24586==    at 0x4844B88: malloc (vg_replace_malloc.c:299)
==24586==    by 0x4A7FF2B: ??? (in /usr/lib/aarch64-linux-gnu/tegra/libnvjpeg.so)
==24586==    by 0x4A83DDB: jpegTegraDecoderMgrCreate (in /usr/lib/aarch64-linux-gnu/tegra/libnvjpeg.so)
==24586==    by 0x4A5B9B7: jpeg_consume_input (in /usr/lib/aarch64-linux-gnu/tegra/libnvjpeg.so)
==24586==    by 0x4A5BA27: jpeg_read_header (in /usr/lib/aarch64-linux-gnu/tegra/libnvjpeg.so)
==24586==    by 0x422B67: NvJPEGDecoder::decodeToFd(int&, unsigned char*, unsigned long, unsigned int&, unsigned int&, unsigned int&) (in /tmp/workspace_projects/librairy/NvInterfaceMultiMediaAPI/download/tegra_multimedia_api/samples/15_camera_v4l2_mjpg/camera_v4l2_mjpg)
==24586==    by 0x4072EF: start_capture(context_t*) (in /tmp/workspace_projects/librairy/NvInterfaceMultiMediaAPI/download/tegra_multimedia_api/samples/15_camera_v4l2_mjpg/camera_v4l2_mjpg)
==24586==    by 0x4076CB: main (in /tmp/workspace_projects/librairy/NvInterfaceMultiMediaAPI/download/tegra_multimedia_api/samples/15_camera_v4l2_mjpg/camera_v4l2_mjpg)
==24586== 
==24586== 752 bytes in 1 blocks are indirectly lost in loss record 21 of 34
==24586==    at 0x4846CFC: calloc (vg_replace_malloc.c:711)
==24586==    by 0x631464F: ???
==24586==    by 0x4A83DF3: jpegTegraDecoderMgrCreate (in /usr/lib/aarch64-linux-gnu/tegra/libnvjpeg.so)
==24586==    by 0x4A5B9B7: jpeg_consume_input (in /usr/lib/aarch64-linux-gnu/tegra/libnvjpeg.so)
==24586==    by 0x4A5BA27: jpeg_read_header (in /usr/lib/aarch64-linux-gnu/tegra/libnvjpeg.so)
==24586==    by 0x422B67: NvJPEGDecoder::decodeToFd(int&, unsigned char*, unsigned long, unsigned int&, unsigned int&, unsigned int&) (in /tmp/workspace_projects/librairy/NvInterfaceMultiMediaAPI/download/tegra_multimedia_api/samples/15_camera_v4l2_mjpg/camera_v4l2_mjpg)
==24586==    by 0x4072EF: start_capture(context_t*) (in /tmp/workspace_projects/librairy/NvInterfaceMultiMediaAPI/download/tegra_multimedia_api/samples/15_camera_v4l2_mjpg/camera_v4l2_mjpg)
==24586==    by 0x4076CB: main (in /tmp/workspace_projects/librairy/NvInterfaceMultiMediaAPI/download/tegra_multimedia_api/samples/15_camera_v4l2_mjpg/camera_v4l2_mjpg)
==24586== 
==24586== 808 bytes in 1 blocks are indirectly lost in loss record 22 of 34
==24586==    at 0x4846CFC: calloc (vg_replace_malloc.c:711)
==24586==    by 0x4A83E9B: jpegTegraDecoderMgrCreate (in /usr/lib/aarch64-linux-gnu/tegra/libnvjpeg.so)
==24586==    by 0x4A5B9B7: jpeg_consume_input (in /usr/lib/aarch64-linux-gnu/tegra/libnvjpeg.so)
==24586==    by 0x4A5BA27: jpeg_read_header (in /usr/lib/aarch64-linux-gnu/tegra/libnvjpeg.so)
==24586==    by 0x422B67: NvJPEGDecoder::decodeToFd(int&, unsigned char*, unsigned long, unsigned int&, unsigned int&, unsigned int&) (in /tmp/workspace_projects/librairy/NvInterfaceMultiMediaAPI/download/tegra_multimedia_api/samples/15_camera_v4l2_mjpg/camera_v4l2_mjpg)
==24586==    by 0x4072EF: start_capture(context_t*) (in /tmp/workspace_projects/librairy/NvInterfaceMultiMediaAPI/download/tegra_multimedia_api/samples/15_camera_v4l2_mjpg/camera_v4l2_mjpg)
==24586==    by 0x4076CB: main (in /tmp/workspace_projects/librairy/NvInterfaceMultiMediaAPI/download/tegra_multimedia_api/samples/15_camera_v4l2_mjpg/camera_v4l2_mjpg)
==24586== 
==24586== 1,188 bytes in 1 blocks are still reachable in loss record 23 of 34
==24586==    at 0x4846CFC: calloc (vg_replace_malloc.c:711)
==24586==    by 0x400A163: _dl_new_object (dl-object.c:75)
==24586==    by 0x4004EE3: _dl_map_object_from_fd (dl-load.c:1028)
==24586==    by 0x4007B6B: _dl_map_object (dl-load.c:2498)
==24586==    by 0x4011E3B: dl_open_worker (dl-open.c:237)
==24586==    by 0x400D9F7: _dl_catch_error (dl-error.c:187)
==24586==    by 0x401196F: _dl_open (dl-open.c:660)
==24586==    by 0x57D5F57: dlopen_doit (dlopen.c:66)
==24586==    by 0x400D9F7: _dl_catch_error (dl-error.c:187)
==24586==    by 0x57D660F: _dlerror_run (dlerror.c:163)
==24586==    by 0x57D6007: dlopen@@GLIBC_2.17 (dlopen.c:87)
==24586==    by 0x6CC3B43: ???
==24586==    by 0x6CC1F6B: ???
==24586==    by 0x60AAE37: ???
==24586==    by 0x60AAEEB: ???
==24586==    by 0x60A8E17: ???
==24586==    by 0x613693F: ???
==24586==    by 0x60A91BF: ???
==24586==    by 0x60BA177: ???
==24586==    by 0x6135317: ???
==24586== 
==24586== 1,888 bytes in 1 blocks are indirectly lost in loss record 24 of 34
==24586==    at 0x4844B88: malloc (vg_replace_malloc.c:299)
==24586==    by 0x4A7FF2B: ??? (in /usr/lib/aarch64-linux-gnu/tegra/libnvjpeg.so)
==24586==    by 0x4A6C897: jinit_marker_reader (in /usr/lib/aarch64-linux-gnu/tegra/libnvjpeg.so)
==24586==    by 0x4A5B4CB: jpeg_CreateDecompress (in /usr/lib/aarch64-linux-gnu/tegra/libnvjpeg.so)
==24586==    by 0x4226BB: NvJPEGDecoder::NvJPEGDecoder(char const*) (in /tmp/workspace_projects/librairy/NvInterfaceMultiMediaAPI/download/tegra_multimedia_api/samples/15_camera_v4l2_mjpg/camera_v4l2_mjpg)
==24586==    by 0x42270F: NvJPEGDecoder::createJPEGDecoder(char const*) (in /tmp/workspace_projects/librairy/NvInterfaceMultiMediaAPI/download/tegra_multimedia_api/samples/15_camera_v4l2_mjpg/camera_v4l2_mjpg)
==24586==    by 0x407027: start_capture(context_t*) (in /tmp/workspace_projects/librairy/NvInterfaceMultiMediaAPI/download/tegra_multimedia_api/samples/15_camera_v4l2_mjpg/camera_v4l2_mjpg)
==24586==    by 0x4076CB: main (in /tmp/workspace_projects/librairy/NvInterfaceMultiMediaAPI/download/tegra_multimedia_api/samples/15_camera_v4l2_mjpg/camera_v4l2_mjpg)
==24586== 
==24586== 2,377 bytes in 2 blocks are still reachable in loss record 25 of 34
==24586==    at 0x4846CFC: calloc (vg_replace_malloc.c:711)
==24586==    by 0x400A163: _dl_new_object (dl-object.c:75)
==24586==    by 0x4004EE3: _dl_map_object_from_fd (dl-load.c:1028)
==24586==    by 0x4007B6B: _dl_map_object (dl-load.c:2498)
==24586==    by 0x400B83F: openaux (dl-deps.c:63)
==24586==    by 0x400D9F7: _dl_catch_error (dl-error.c:187)
==24586==    by 0x400B9D7: _dl_map_object_deps (dl-deps.c:254)
==24586==    by 0x4011E9B: dl_open_worker (dl-open.c:280)
==24586==    by 0x400D9F7: _dl_catch_error (dl-error.c:187)
==24586==    by 0x401196F: _dl_open (dl-open.c:660)
==24586==    by 0x57D5F57: dlopen_doit (dlopen.c:66)
==24586==    by 0x400D9F7: _dl_catch_error (dl-error.c:187)
==24586==    by 0x57D660F: _dlerror_run (dlerror.c:163)
==24586==    by 0x57D6007: dlopen@@GLIBC_2.17 (dlopen.c:87)
==24586==    by 0x48BE273: ??? (in /usr/lib/aarch64-linux-gnu/tegra-egl/libEGL.so.1)
==24586==    by 0x48BE0D7: ??? (in /usr/lib/aarch64-linux-gnu/tegra-egl/libEGL.so.1)
==24586==    by 0x400DB1B: call_init.part.0 (dl-init.c:58)
==24586==    by 0x400DCA7: call_init (dl-init.c:30)
==24586==    by 0x400DCA7: _dl_init (dl-init.c:120)
==24586==    by 0x4000D43: ??? (in /lib/aarch64-linux-gnu/ld-2.23.so)
==24586== 
==24586== 3,720 bytes in 1 blocks are indirectly lost in loss record 26 of 34
==24586==    at 0x4846CFC: calloc (vg_replace_malloc.c:711)
==24586==    by 0x63228B3: ???
==24586==    by 0x4A83E47: jpegTegraDecoderMgrCreate (in /usr/lib/aarch64-linux-gnu/tegra/libnvjpeg.so)
==24586==    by 0x4A5B9B7: jpeg_consume_input (in /usr/lib/aarch64-linux-gnu/tegra/libnvjpeg.so)
==24586==    by 0x4A5BA27: jpeg_read_header (in /usr/lib/aarch64-linux-gnu/tegra/libnvjpeg.so)
==24586==    by 0x422B67: NvJPEGDecoder::decodeToFd(int&, unsigned char*, unsigned long, unsigned int&, unsigned int&, unsigned int&) (in /tmp/workspace_projects/librairy/NvInterfaceMultiMediaAPI/download/tegra_multimedia_api/samples/15_camera_v4l2_mjpg/camera_v4l2_mjpg)
==24586==    by 0x4072EF: start_capture(context_t*) (in /tmp/workspace_projects/librairy/NvInterfaceMultiMediaAPI/download/tegra_multimedia_api/samples/15_camera_v4l2_mjpg/camera_v4l2_mjpg)
==24586==    by 0x4076CB: main (in /tmp/workspace_projects/librairy/NvInterfaceMultiMediaAPI/download/tegra_multimedia_api/samples/15_camera_v4l2_mjpg/camera_v4l2_mjpg)
==24586== 
==24586== 11,520 bytes in 1 blocks are indirectly lost in loss record 27 of 34
==24586==    at 0x4844B88: malloc (vg_replace_malloc.c:299)
==24586==    by 0x59FF6FB: ??? (in /usr/lib/aarch64-linux-gnu/tegra/libnvrm_graphics.so)
==24586==    by 0x59FF92B: NvRmStreamInit (in /usr/lib/aarch64-linux-gnu/tegra/libnvrm_graphics.so)
==24586==    by 0x63487EF: ???
==24586==    by 0x6314777: ???
==24586==    by 0x4A83DF3: jpegTegraDecoderMgrCreate (in /usr/lib/aarch64-linux-gnu/tegra/libnvjpeg.so)
==24586==    by 0x4A5B9B7: jpeg_consume_input (in /usr/lib/aarch64-linux-gnu/tegra/libnvjpeg.so)
==24586==    by 0x4A5BA27: jpeg_read_header (in /usr/lib/aarch64-linux-gnu/tegra/libnvjpeg.so)
==24586==    by 0x422B67: NvJPEGDecoder::decodeToFd(int&, unsigned char*, unsigned long, unsigned int&, unsigned int&, unsigned int&) (in /tmp/workspace_projects/librairy/NvInterfaceMultiMediaAPI/download/tegra_multimedia_api/samples/15_camera_v4l2_mjpg/camera_v4l2_mjpg)
==24586==    by 0x4072EF: start_capture(context_t*) (in /tmp/workspace_projects/librairy/NvInterfaceMultiMediaAPI/download/tegra_multimedia_api/samples/15_camera_v4l2_mjpg/camera_v4l2_mjpg)
==24586==    by 0x4076CB: main (in /tmp/workspace_projects/librairy/NvInterfaceMultiMediaAPI/download/tegra_multimedia_api/samples/15_camera_v4l2_mjpg/camera_v4l2_mjpg)
==24586== 
==24586== 11,520 bytes in 1 blocks are indirectly lost in loss record 28 of 34
==24586==    at 0x4844B88: malloc (vg_replace_malloc.c:299)
==24586==    by 0x59FF6FB: ??? (in /usr/lib/aarch64-linux-gnu/tegra/libnvrm_graphics.so)
==24586==    by 0x59FF92B: NvRmStreamInit (in /usr/lib/aarch64-linux-gnu/tegra/libnvrm_graphics.so)
==24586==    by 0x631FFDB: ???
==24586==    by 0x63228EF: ???
==24586==    by 0x4A83E47: jpegTegraDecoderMgrCreate (in /usr/lib/aarch64-linux-gnu/tegra/libnvjpeg.so)
==24586==    by 0x4A5B9B7: jpeg_consume_input (in /usr/lib/aarch64-linux-gnu/tegra/libnvjpeg.so)
==24586==    by 0x4A5BA27: jpeg_read_header (in /usr/lib/aarch64-linux-gnu/tegra/libnvjpeg.so)
==24586==    by 0x422B67: NvJPEGDecoder::decodeToFd(int&, unsigned char*, unsigned long, unsigned int&, unsigned int&, unsigned int&) (in /tmp/workspace_projects/librairy/NvInterfaceMultiMediaAPI/download/tegra_multimedia_api/samples/15_camera_v4l2_mjpg/camera_v4l2_mjpg)
==24586==    by 0x4072EF: start_capture(context_t*) (in /tmp/workspace_projects/librairy/NvInterfaceMultiMediaAPI/download/tegra_multimedia_api/samples/15_camera_v4l2_mjpg/camera_v4l2_mjpg)
==24586==    by 0x4076CB: main (in /tmp/workspace_projects/librairy/NvInterfaceMultiMediaAPI/download/tegra_multimedia_api/samples/15_camera_v4l2_mjpg/camera_v4l2_mjpg)
==24586== 
==24586== 38,856 bytes in 1 blocks are indirectly lost in loss record 29 of 34
==24586==    at 0x4844B88: malloc (vg_replace_malloc.c:299)
==24586==    by 0x59FF6B3: ??? (in /usr/lib/aarch64-linux-gnu/tegra/libnvrm_graphics.so)
==24586==    by 0x59FF92B: NvRmStreamInit (in /usr/lib/aarch64-linux-gnu/tegra/libnvrm_graphics.so)
==24586==    by 0x63487EF: ???
==24586==    by 0x6314777: ???
==24586==    by 0x4A83DF3: jpegTegraDecoderMgrCreate (in /usr/lib/aarch64-linux-gnu/tegra/libnvjpeg.so)
==24586==    by 0x4A5B9B7: jpeg_consume_input (in /usr/lib/aarch64-linux-gnu/tegra/libnvjpeg.so)
==24586==    by 0x4A5BA27: jpeg_read_header (in /usr/lib/aarch64-linux-gnu/tegra/libnvjpeg.so)
==24586==    by 0x422B67: NvJPEGDecoder::decodeToFd(int&, unsigned char*, unsigned long, unsigned int&, unsigned int&, unsigned int&) (in /tmp/workspace_projects/librairy/NvInterfaceMultiMediaAPI/download/tegra_multimedia_api/samples/15_camera_v4l2_mjpg/camera_v4l2_mjpg)
==24586==    by 0x4072EF: start_capture(context_t*) (in /tmp/workspace_projects/librairy/NvInterfaceMultiMediaAPI/download/tegra_multimedia_api/samples/15_camera_v4l2_mjpg/camera_v4l2_mjpg)
==24586==    by 0x4076CB: main (in /tmp/workspace_projects/librairy/NvInterfaceMultiMediaAPI/download/tegra_multimedia_api/samples/15_camera_v4l2_mjpg/camera_v4l2_mjpg)
==24586== 
==24586== 38,856 bytes in 1 blocks are indirectly lost in loss record 30 of 34
==24586==    at 0x4844B88: malloc (vg_replace_malloc.c:299)
==24586==    by 0x59FF6B3: ??? (in /usr/lib/aarch64-linux-gnu/tegra/libnvrm_graphics.so)
==24586==    by 0x59FF92B: NvRmStreamInit (in /usr/lib/aarch64-linux-gnu/tegra/libnvrm_graphics.so)
==24586==    by 0x631FFDB: ???
==24586==    by 0x63228EF: ???
==24586==    by 0x4A83E47: jpegTegraDecoderMgrCreate (in /usr/lib/aarch64-linux-gnu/tegra/libnvjpeg.so)
==24586==    by 0x4A5B9B7: jpeg_consume_input (in /usr/lib/aarch64-linux-gnu/tegra/libnvjpeg.so)
==24586==    by 0x4A5BA27: jpeg_read_header (in /usr/lib/aarch64-linux-gnu/tegra/libnvjpeg.so)
==24586==    by 0x422B67: NvJPEGDecoder::decodeToFd(int&, unsigned char*, unsigned long, unsigned int&, unsigned int&, unsigned int&) (in /tmp/workspace_projects/librairy/NvInterfaceMultiMediaAPI/download/tegra_multimedia_api/samples/15_camera_v4l2_mjpg/camera_v4l2_mjpg)
==24586==    by 0x4072EF: start_capture(context_t*) (in /tmp/workspace_projects/librairy/NvInterfaceMultiMediaAPI/download/tegra_multimedia_api/samples/15_camera_v4l2_mjpg/camera_v4l2_mjpg)
==24586==    by 0x4076CB: main (in /tmp/workspace_projects/librairy/NvInterfaceMultiMediaAPI/download/tegra_multimedia_api/samples/15_camera_v4l2_mjpg/camera_v4l2_mjpg)
==24586== 
==24586== 72,704 bytes in 1 blocks are still reachable in loss record 31 of 34
==24586==    at 0x4844B88: malloc (vg_replace_malloc.c:299)
==24586==    by 0x556895B: ??? (in /usr/lib/aarch64-linux-gnu/libstdc++.so.6.0.21)
==24586==    by 0x400DB5F: call_init.part.0 (dl-init.c:72)
==24586==    by 0x400DCA7: call_init (dl-init.c:30)
==24586==    by 0x400DCA7: _dl_init (dl-init.c:120)
==24586==    by 0x4000D43: ??? (in /lib/aarch64-linux-gnu/ld-2.23.so)
==24586== 
==24586== 12,582,936 bytes in 1 blocks are indirectly lost in loss record 32 of 34
==24586==    at 0x4844B88: malloc (vg_replace_malloc.c:299)
==24586==    by 0x4A7FF2B: ??? (in /usr/lib/aarch64-linux-gnu/tegra/libnvjpeg.so)
==24586==    by 0x4A61FB3: ??? (in /usr/lib/aarch64-linux-gnu/tegra/libnvjpeg.so)
==24586==    by 0x4A5B68B: jpeg_consume_input (in /usr/lib/aarch64-linux-gnu/tegra/libnvjpeg.so)
==24586==    by 0x4A5BA27: jpeg_read_header (in /usr/lib/aarch64-linux-gnu/tegra/libnvjpeg.so)
==24586==    by 0x422B67: NvJPEGDecoder::decodeToFd(int&, unsigned char*, unsigned long, unsigned int&, unsigned int&, unsigned int&) (in /tmp/workspace_projects/librairy/NvInterfaceMultiMediaAPI/download/tegra_multimedia_api/samples/15_camera_v4l2_mjpg/camera_v4l2_mjpg)
==24586==    by 0x4072EF: start_capture(context_t*) (in /tmp/workspace_projects/librairy/NvInterfaceMultiMediaAPI/download/tegra_multimedia_api/samples/15_camera_v4l2_mjpg/camera_v4l2_mjpg)
==24586==    by 0x4076CB: main (in /tmp/workspace_projects/librairy/NvInterfaceMultiMediaAPI/download/tegra_multimedia_api/samples/15_camera_v4l2_mjpg/camera_v4l2_mjpg)
==24586== 
==24586== 12,693,472 (1,192 direct, 12,692,280 indirect) bytes in 1 blocks are definitely lost in loss record 33 of 34
==24586==    at 0x4845108: operator new(unsigned long) (vg_replace_malloc.c:333)
==24586==    by 0x4226FF: NvJPEGDecoder::createJPEGDecoder(char const*) (in /tmp/workspace_projects/librairy/NvInterfaceMultiMediaAPI/download/tegra_multimedia_api/samples/15_camera_v4l2_mjpg/camera_v4l2_mjpg)
==24586==    by 0x407027: start_capture(context_t*) (in /tmp/workspace_projects/librairy/NvInterfaceMultiMediaAPI/download/tegra_multimedia_api/samples/15_camera_v4l2_mjpg/camera_v4l2_mjpg)
==24586==    by 0x4076CB: main (in /tmp/workspace_projects/librairy/NvInterfaceMultiMediaAPI/download/tegra_multimedia_api/samples/15_camera_v4l2_mjpg/camera_v4l2_mjpg)
==24586== 
==24586== 163,578,168 bytes in 13 blocks are possibly lost in loss record 34 of 34
==24586==    at 0x4844B88: malloc (vg_replace_malloc.c:299)
==24586==    by 0x4A7FF2B: ??? (in /usr/lib/aarch64-linux-gnu/tegra/libnvjpeg.so)
==24586==    by 0x4A61FB3: ??? (in /usr/lib/aarch64-linux-gnu/tegra/libnvjpeg.so)
==24586==    by 0x4A5B68B: jpeg_consume_input (in /usr/lib/aarch64-linux-gnu/tegra/libnvjpeg.so)
==24586==    by 0x4A5BA27: jpeg_read_header (in /usr/lib/aarch64-linux-gnu/tegra/libnvjpeg.so)
==24586==    by 0x422B67: NvJPEGDecoder::decodeToFd(int&, unsigned char*, unsigned long, unsigned int&, unsigned int&, unsigned int&) (in /tmp/workspace_projects/librairy/NvInterfaceMultiMediaAPI/download/tegra_multimedia_api/samples/15_camera_v4l2_mjpg/camera_v4l2_mjpg)
==24586==    by 0x4072EF: start_capture(context_t*) (in /tmp/workspace_projects/librairy/NvInterfaceMultiMediaAPI/download/tegra_multimedia_api/samples/15_camera_v4l2_mjpg/camera_v4l2_mjpg)
==24586==    by 0x4076CB: main (in /tmp/workspace_projects/librairy/NvInterfaceMultiMediaAPI/download/tegra_multimedia_api/samples/15_camera_v4l2_mjpg/camera_v4l2_mjpg)
==24586== 
==24586== LEAK SUMMARY:
==24586==    definitely lost: 1,320 bytes in 2 blocks
==24586==    indirectly lost: 12,692,280 bytes in 24 blocks
==24586==      possibly lost: 163,578,168 bytes in 13 blocks
==24586==    still reachable: 77,133 bytes in 16 blocks
==24586==         suppressed: 0 bytes in 0 blocks
==24586== 
==24586== ERROR SUMMARY: 4 errors from 4 contexts (suppressed: 0 from 0)
==24586== 
==24586== 1 errors in context 1 of 4:
==24586== Conditional jump or move depends on uninitialised value(s)
==24586==    at 0x4A328B4: NvBufferDestroy (in /usr/lib/aarch64-linux-gnu/tegra/libnvbuf_utils.so.1.0.0)
==24586==    by 0x407833: main (in /tmp/workspace_projects/librairy/NvInterfaceMultiMediaAPI/download/tegra_multimedia_api/samples/15_camera_v4l2_mjpg/camera_v4l2_mjpg)
==24586==  Uninitialised value was created by a stack allocation
==24586==    at 0x4A32890: NvBufferDestroy (in /usr/lib/aarch64-linux-gnu/tegra/libnvbuf_utils.so.1.0.0)
==24586== 
==24586== ERROR SUMMARY: 4 errors from 4 contexts (suppressed: 0 from 0)
